#
# There is insufficient memory for the Java Runtime Environment to continue.
# Native memory allocation (mmap) failed to map 32505856 bytes for committing reserved memory.
# Possible reasons:
#   The system is out of physical RAM or swap space
#   In 32 bit mode, the process size limit was hit
# Possible solutions:
#   Reduce memory load on the system
#   Increase physical memory or swap space
#   Check if swap backing store is full
#   Use 64 bit Java on a 64 bit OS
#   Decrease Java heap size (-Xmx/-Xms)
#   Decrease number of Java threads
#   Decrease Java thread stack sizes (-Xss)
#   Set larger code cache with -XX:ReservedCodeCacheSize=
# This output file may be truncated or incomplete.
#
#  Out of Memory Error (os_linux.cpp:2673), pid=25764, tid=139793624090368
#
# JRE version: Java(TM) SE Runtime Environment (8.0_45-b14) (build 1.8.0_45-b14)
# Java VM: Java HotSpot(TM) 64-Bit Server VM (25.45-b02 mixed mode linux-amd64 compressed oops)
# Failed to write core dump. Core dumps have been disabled. To enable core dumping, try "ulimit -c unlimited" before starting Java again
#

---------------  T H R E A D  ---------------

Current thread (0x00007f2450072800):  VMThread [stack: 0x00007f243d3e4000,0x00007f243d4e5000] [id=25773]

Stack: [0x00007f243d3e4000,0x00007f243d4e5000],  sp=0x00007f243d4e3020,  free space=1020k
Native frames: (J=compiled Java code, j=interpreted, Vv=VM code, C=native code)
V  [libjvm.so+0xaac99a]  VMError::report_and_die()+0x2ba
V  [libjvm.so+0x4f333b]  report_vm_out_of_memory(char const*, int, unsigned long, VMErrorType, char const*)+0x8b
V  [libjvm.so+0x90e7c3]  os::Linux::commit_memory_impl(char*, unsigned long, bool)+0x103
V  [libjvm.so+0x90ed19]  os::pd_commit_memory(char*, unsigned long, unsigned long, bool)+0x29
V  [libjvm.so+0x90867a]  os::commit_memory(char*, unsigned long, unsigned long, bool)+0x2a
V  [libjvm.so+0x97bac3]  PSVirtualSpace::expand_by(unsigned long)+0x53
V  [libjvm.so+0x97cec8]  PSYoungGen::resize_generation(unsigned long, unsigned long)+0xf8
V  [libjvm.so+0x97c022]  PSYoungGen::resize(unsigned long, unsigned long)+0x22
V  [libjvm.so+0x9792fb]  PSScavenge::invoke_no_policy()+0xf7b
V  [libjvm.so+0x979a81]  PSScavenge::invoke()+0x41
V  [libjvm.so+0x932050]  ParallelScavengeHeap::failed_mem_allocate(unsigned long)+0x70
V  [libjvm.so+0xaae1d7]  VM_ParallelGCFailedAllocation::doit()+0x97
V  [libjvm.so+0xab59c5]  VM_Operation::evaluate()+0x55
V  [libjvm.so+0xab3d9a]  VMThread::evaluate_operation(VM_Operation*)+0xba
V  [libjvm.so+0xab411e]  VMThread::loop()+0x1ce
V  [libjvm.so+0xab4590]  VMThread::run()+0x70
V  [libjvm.so+0x910de8]  java_start(Thread*)+0x108

VM_Operation (0x00007f2456d1e3a0): ParallelGCFailedAllocation, mode: safepoint, requested by thread 0x00007f2450009000


---------------  P R O C E S S  ---------------

Java Threads: ( => current thread )
  0x00007f24500bb000 JavaThread "Service Thread" daemon [_thread_blocked, id=25779, stack(0x00007f243cc54000,0x00007f243cd55000)]
  0x00007f24500b6000 JavaThread "C1 CompilerThread1" daemon [_thread_blocked, id=25778, stack(0x00007f243cd55000,0x00007f243ce56000)]
  0x00007f24500b3800 JavaThread "C2 CompilerThread0" daemon [_thread_blocked, id=25777, stack(0x00007f243ce56000,0x00007f243cf57000)]
  0x00007f24500b2000 JavaThread "Signal Dispatcher" daemon [_thread_blocked, id=25776, stack(0x00007f243cf57000,0x00007f243d058000)]
  0x00007f2450079800 JavaThread "Finalizer" daemon [_thread_blocked, id=25775, stack(0x00007f243d1e2000,0x00007f243d2e3000)]
  0x00007f2450077800 JavaThread "Reference Handler" daemon [_thread_blocked, id=25774, stack(0x00007f243d2e3000,0x00007f243d3e4000)]
  0x00007f2450009000 JavaThread "main" [_thread_blocked, id=25770, stack(0x00007f2456c20000,0x00007f2456d21000)]

Other Threads:
=>0x00007f2450072800 VMThread [stack: 0x00007f243d3e4000,0x00007f243d4e5000] [id=25773]
  0x00007f24500bd800 WatcherThread [stack: 0x00007f243cb53000,0x00007f243cc54000] [id=25780]

VM state:at safepoint (normal execution)

VM Mutex/Monitor currently owned by a thread:  ([mutex/lock_event])
[0x00007f24500068e0] Threads_lock - owner thread: 0x00007f2450072800
[0x00007f2450006de0] Heap_lock - owner thread: 0x00007f2450009000

Heap:
 PSYoungGen      total 26624K, used 2048K [0x00000000eab00000, 0x00000000ec700000, 0x0000000100000000)
  eden space 24576K, 0% used [0x00000000eab00000,0x00000000eab00000,0x00000000ec300000)
  from space 2048K, 100% used [0x00000000ec300000,0x00000000ec500000,0x00000000ec500000)
  to   space 2048K, 0% used [0x00000000ec500000,0x00000000ec500000,0x00000000ec700000)
 ParOldGen       total 32768K, used 11555K [0x00000000c0000000, 0x00000000c2000000, 0x00000000eab00000)
  object space 32768K, 35% used [0x00000000c0000000,0x00000000c0b48f48,0x00000000c2000000)
 Metaspace       used 5668K, capacity 6960K, committed 7040K, reserved 1056768K
  class space    used 545K, capacity 616K, committed 640K, reserved 1048576K

Card table byte_map: [0x00007f2440dff000,0x00007f2441000000] byte_map_base: 0x00007f24407ff000

Marking Bits: (ParMarkBitMap*) 0x00007f24560ed760
 Begin Bits: [0x00007f243eaa7000, 0x00007f243faa7000)
 End Bits:   [0x00007f243faa7000, 0x00007f2440aa7000)

Polling page: 0x00007f2456d24000

CodeCache: size=245760Kb used=5266Kb max_used=5304Kb free=240493Kb
 bounds [0x00007f2441000000, 0x00007f2441540000, 0x00007f2450000000]
 total_blobs=1609 nmethods=1346 adapters=178
 compilation: enabled

Compilation events (10 events):
Event: 41.551 Thread 0x00007f24500b6000 nmethod 1421 0x00007f244150dc50 code [0x00007f244150ddc0, 0x00007f244150df48]
Event: 41.551 Thread 0x00007f24500b6000 1419       2       com.android.dx.dex.file.StringIdsSection::intern (53 bytes)
Event: 41.551 Thread 0x00007f24500b6000 nmethod 1419 0x00007f244150dfd0 code [0x00007f244150e180, 0x00007f244150e518]
Event: 42.069 Thread 0x00007f24500b3800 nmethod 1362 0x00007f2441519c90 code [0x00007f244151a8c0, 0x00007f2441524d70]
Event: 42.069 Thread 0x00007f24500b3800 1386       4       com.android.dx.cf.code.Ropper::labelToResultIndex (47 bytes)
Event: 42.122 Thread 0x00007f24500b3800 nmethod 1386 0x00007f2441516810 code [0x00007f2441516980, 0x00007f2441516c38]
Event: 42.123 Thread 0x00007f24500b3800 1363       4       com.android.dx.rop.cst.StdConstantPool::set (123 bytes)
Event: 42.237 Thread 0x00007f24500b3800 nmethod 1363 0x00007f2441518090 code [0x00007f2441518200, 0x00007f24415184b8]
Event: 43.748 Thread 0x00007f24500b6000 1422       3       com.android.dx.dex.file.ValueEncoder::addContents (75 bytes)
Event: 43.829 Thread 0x00007f24500b3800 1423       4       com.android.dx.rop.code.Rops::ropFor (771 bytes)

GC Heap History (9 events):
Event: 6.170 GC heap before
{Heap before GC invocations=1 (full 0):
 PSYoungGen      total 14336K, used 12288K [0x00000000eab00000, 0x00000000ebb00000, 0x0000000100000000)
  eden space 12288K, 100% used [0x00000000eab00000,0x00000000eb700000,0x00000000eb700000)
  from space 2048K, 0% used [0x00000000eb900000,0x00000000eb900000,0x00000000ebb00000)
  to   space 2048K, 0% used [0x00000000eb700000,0x00000000eb700000,0x00000000eb900000)
 ParOldGen       total 32768K, used 0K [0x00000000c0000000, 0x00000000c2000000, 0x00000000eab00000)
  object space 32768K, 0% used [0x00000000c0000000,0x00000000c0000000,0x00000000c2000000)
 Metaspace       used 5321K, capacity 6704K, committed 6784K, reserved 1056768K
  class space    used 539K, capacity 616K, committed 640K, reserved 1048576K
Event: 6.217 GC heap after
Heap after GC invocations=1 (full 0):
 PSYoungGen      total 14336K, used 2016K [0x00000000eab00000, 0x00000000ebb00000, 0x0000000100000000)
  eden space 12288K, 0% used [0x00000000eab00000,0x00000000eab00000,0x00000000eb700000)
  from space 2048K, 98% used [0x00000000eb700000,0x00000000eb8f8038,0x00000000eb900000)
  to   space 2048K, 0% used [0x00000000eb900000,0x00000000eb900000,0x00000000ebb00000)
 ParOldGen       total 32768K, used 1852K [0x00000000c0000000, 0x00000000c2000000, 0x00000000eab00000)
  object space 32768K, 5% used [0x00000000c0000000,0x00000000c01cf368,0x00000000c2000000)
 Metaspace       used 5321K, capacity 6704K, committed 6784K, reserved 1056768K
  class space    used 539K, capacity 616K, committed 640K, reserved 1048576K
}
Event: 10.133 GC heap before
{Heap before GC invocations=2 (full 0):
 PSYoungGen      total 14336K, used 14304K [0x00000000eab00000, 0x00000000ebb00000, 0x0000000100000000)
  eden space 12288K, 100% used [0x00000000eab00000,0x00000000eb700000,0x00000000eb700000)
  from space 2048K, 98% used [0x00000000eb700000,0x00000000eb8f8038,0x00000000eb900000)
  to   space 2048K, 0% used [0x00000000eb900000,0x00000000eb900000,0x00000000ebb00000)
 ParOldGen       total 32768K, used 1852K [0x00000000c0000000, 0x00000000c2000000, 0x00000000eab00000)
  object space 32768K, 5% used [0x00000000c0000000,0x00000000c01cf368,0x00000000c2000000)
 Metaspace       used 5563K, capacity 6832K, committed 7040K, reserved 1056768K
  class space    used 545K, capacity 616K, committed 640K, reserved 1048576K
Event: 11.948 GC heap after
Heap after GC invocations=2 (full 0):
 PSYoungGen      total 14336K, used 2048K [0x00000000eab00000, 0x00000000ec700000, 0x0000000100000000)
  eden space 12288K, 0% used [0x00000000eab00000,0x00000000eab00000,0x00000000eb700000)
  from space 2048K, 100% used [0x00000000eb900000,0x00000000ebb00000,0x00000000ebb00000)
  to   space 2048K, 0% used [0x00000000eb700000,0x00000000eb700000,0x00000000eb900000)
 ParOldGen       total 32768K, used 3993K [0x00000000c0000000, 0x00000000c2000000, 0x00000000eab00000)
  object space 32768K, 12% used [0x00000000c0000000,0x00000000c03e65c8,0x00000000c2000000)
 Metaspace       used 5563K, capacity 6832K, committed 7040K, reserved 1056768K
  class space    used 545K, capacity 616K, committed 640K, reserved 1048576K
}
Event: 19.388 GC heap before
{Heap before GC invocations=3 (full 0):
 PSYoungGen      total 14336K, used 14336K [0x00000000eab00000, 0x00000000ec700000, 0x0000000100000000)
  eden space 12288K, 100% used [0x00000000eab00000,0x00000000eb700000,0x00000000eb700000)
  from space 2048K, 100% used [0x00000000eb900000,0x00000000ebb00000,0x00000000ebb00000)
  to   space 2048K, 0% used [0x00000000eb700000,0x00000000eb700000,0x00000000eb900000)
 ParOldGen       total 32768K, used 3993K [0x00000000c0000000, 0x00000000c2000000, 0x00000000eab00000)
  object space 32768K, 12% used [0x00000000c0000000,0x00000000c03e65c8,0x00000000c2000000)
 Metaspace       used 5588K, capacity 6896K, committed 7040K, reserved 1056768K
  class space    used 545K, capacity 616K, committed 640K, reserved 1048576K
Event: 21.028 GC heap after
Heap after GC invocations=3 (full 0):
 PSYoungGen      total 14336K, used 2048K [0x00000000eab00000, 0x00000000ec700000, 0x0000000100000000)
  eden space 12288K, 0% used [0x00000000eab00000,0x00000000eab00000,0x00000000eb700000)
  from space 2048K, 100% used [0x00000000eb700000,0x00000000eb900000,0x00000000eb900000)
  to   space 2048K, 0% used [0x00000000ec500000,0x00000000ec500000,0x00000000ec700000)
 ParOldGen       total 32768K, used 5897K [0x00000000c0000000, 0x00000000c2000000, 0x00000000eab00000)
  object space 32768K, 17% used [0x00000000c0000000,0x00000000c05c25c8,0x00000000c2000000)
 Metaspace       used 5588K, capacity 6896K, committed 7040K, reserved 1056768K
  class space    used 545K, capacity 616K, committed 640K, reserved 1048576K
}
Event: 27.293 GC heap before
{Heap before GC invocations=4 (full 0):
 PSYoungGen      total 14336K, used 14336K [0x00000000eab00000, 0x00000000ec700000, 0x0000000100000000)
  eden space 12288K, 100% used [0x00000000eab00000,0x00000000eb700000,0x00000000eb700000)
  from space 2048K, 100% used [0x00000000eb700000,0x00000000eb900000,0x00000000eb900000)
  to   space 2048K, 0% used [0x00000000ec500000,0x00000000ec500000,0x00000000ec700000)
 ParOldGen       total 32768K, used 5897K [0x00000000c0000000, 0x00000000c2000000, 0x00000000eab00000)
  object space 32768K, 17% used [0x00000000c0000000,0x00000000c05c25c8,0x00000000c2000000)
 Metaspace       used 5638K, capacity 6896K, committed 7040K, reserved 1056768K
  class space    used 545K, capacity 616K, committed 640K, reserved 1048576K
Event: 29.329 GC heap after
Heap after GC invocations=4 (full 0):
 PSYoungGen      total 26624K, used 2048K [0x00000000eab00000, 0x00000000ec700000, 0x0000000100000000)
  eden space 24576K, 0% used [0x00000000eab00000,0x00000000eab00000,0x00000000ec300000)
  from space 2048K, 100% used [0x00000000ec500000,0x00000000ec700000,0x00000000ec700000)
  to   space 2048K, 0% used [0x00000000ec300000,0x00000000ec300000,0x00000000ec500000)
 ParOldGen       total 32768K, used 7873K [0x00000000c0000000, 0x00000000c2000000, 0x00000000eab00000)
  object space 32768K, 24% used [0x00000000c0000000,0x00000000c07b05d8,0x00000000c2000000)
 Metaspace       used 5638K, capacity 6896K, committed 7040K, reserved 1056768K
  class space    used 545K, capacity 616K, committed 640K, reserved 1048576K
}
Event: 44.510 GC heap before
{Heap before GC invocations=5 (full 0):
 PSYoungGen      total 26624K, used 26624K [0x00000000eab00000, 0x00000000ec700000, 0x0000000100000000)
  eden space 24576K, 100% used [0x00000000eab00000,0x00000000ec300000,0x00000000ec300000)
  from space 2048K, 100% used [0x00000000ec500000,0x00000000ec700000,0x00000000ec700000)
  to   space 2048K, 0% used [0x00000000ec300000,0x00000000ec300000,0x00000000ec500000)
 ParOldGen       total 32768K, used 7873K [0x00000000c0000000, 0x00000000c2000000, 0x00000000eab00000)
  object space 32768K, 24% used [0x00000000c0000000,0x00000000c07b05d8,0x00000000c2000000)
 Metaspace       used 5668K, capacity 6960K, committed 7040K, reserved 1056768K
  class space    used 545K, capacity 616K, committed 640K, reserved 1048576K

Deoptimization events (10 events):
Event: 2.932 Thread 0x00007f2450009000 Uncommon trap: reason=unstable_if action=reinterpret pc=0x00007f24411afc94 method=java.lang.String.equals(Ljava/lang/Object;)Z @ 66
Event: 9.475 Thread 0x00007f2450009000 Uncommon trap: reason=class_check action=maybe_recompile pc=0x00007f24413d31f0 method=com.android.dx.rop.type.Type.equals(Ljava/lang/Object;)Z @ 8
Event: 9.488 Thread 0x00007f2450009000 Uncommon trap: reason=unstable_if action=reinterpret pc=0x00007f24413de214 method=java.util.HashMap.getNode(ILjava/lang/Object;)Ljava/util/HashMap$Node; @ 129
Event: 9.488 Thread 0x00007f2450009000 Uncommon trap: reason=unstable_if action=reinterpret pc=0x00007f24412ea6f8 method=java.util.HashMap.getNode(ILjava/lang/Object;)Ljava/util/HashMap$Node; @ 129
Event: 9.488 Thread 0x00007f2450009000 Uncommon trap: reason=class_check action=maybe_recompile pc=0x00007f24413d31f0 method=com.android.dx.rop.type.Type.equals(Ljava/lang/Object;)Z @ 8
Event: 9.504 Thread 0x00007f2450009000 Uncommon trap: reason=unstable_if action=reinterpret pc=0x00007f244140d410 method=com.android.dx.rop.code.RegisterSpecSet.put(Lcom/android/dx/rop/code/RegisterSpec;)V @ 77
Event: 9.504 Thread 0x00007f2450009000 Uncommon trap: reason=unstable_if action=reinterpret pc=0x00007f244141a798 method=com.android.dx.rop.code.RegisterSpecSet.put(Lcom/android/dx/rop/code/RegisterSpec;)V @ 77
Event: 9.506 Thread 0x00007f2450009000 Uncommon trap: reason=unstable_if action=reinterpret pc=0x00007f24412696c4 method=java.util.HashMap.getNode(ILjava/lang/Object;)Ljava/util/HashMap$Node; @ 129
Event: 14.071 Thread 0x00007f2450009000 Uncommon trap: reason=class_check action=maybe_recompile pc=0x00007f24413d31f0 method=com.android.dx.rop.type.Type.equals(Ljava/lang/Object;)Z @ 8
Event: 14.117 Thread 0x00007f2450009000 Uncommon trap: reason=class_check action=maybe_recompile pc=0x00007f24413d31f0 method=com.android.dx.rop.type.Type.equals(Ljava/lang/Object;)Z @ 8

Internal exceptions (2 events):
Event: 0.958 Thread 0x00007f2450009000 Exception <a 'java/lang/NoSuchMethodError': Method sun.misc.Unsafe.defineClass(Ljava/lang/String;[BII)Ljava/lang/Class; name or signature does not match> (0x00000000eab12a30) thrown at [/RE-WORK/workspace/8-2-build-linux-amd64/jdk8u45/3457/hotspot/src/sha
Event: 0.958 Thread 0x00007f2450009000 Exception <a 'java/lang/NoSuchMethodError': Method sun.misc.Unsafe.prefetchRead(Ljava/lang/Object;J)V name or signature does not match> (0x00000000eab12cc0) thrown at [/RE-WORK/workspace/8-2-build-linux-amd64/jdk8u45/3457/hotspot/src/share/vm/prims/jni.cp

Events (10 events):
Event: 14.071 Thread 0x00007f2450009000 DEOPT PACKING pc=0x00007f24413d31f0 sp=0x00007f2456d1da50
Event: 14.071 Thread 0x00007f2450009000 DEOPT UNPACKING pc=0x00007f2441005229 sp=0x00007f2456d1da08 mode 2
Event: 14.117 Thread 0x00007f2450009000 Uncommon trap: trap_request=0xffffffde fr.pc=0x00007f24413d31f0
Event: 14.117 Thread 0x00007f2450009000 DEOPT PACKING pc=0x00007f24413d31f0 sp=0x00007f2456d1d8b0
Event: 14.117 Thread 0x00007f2450009000 DEOPT UNPACKING pc=0x00007f2441005229 sp=0x00007f2456d1d868 mode 2
Event: 19.388 Executing VM operation: ParallelGCFailedAllocation
Event: 22.077 Executing VM operation: ParallelGCFailedAllocation done
Event: 26.160 Executing VM operation: ParallelGCFailedAllocation
Event: 29.560 Executing VM operation: ParallelGCFailedAllocation done
Event: 44.368 Executing VM operation: ParallelGCFailedAllocation


Dynamic libraries:
00400000-00401000 r-xp 00000000 08:02 797293                             /usr/lib/jvm/java-8-jdk/jre/bin/java
00600000-00601000 rw-p 00000000 08:02 797293                             /usr/lib/jvm/java-8-jdk/jre/bin/java
02339000-0235a000 rw-p 00000000 00:00 0                                  [heap]
c0000000-c2000000 rw-p 00000000 00:00 0 
c2000000-eab00000 ---p 00000000 00:00 0 
eab00000-ec700000 rw-p 00000000 00:00 0 
ee600000-100000000 ---p 00000000 00:00 0 
100000000-1000a0000 rw-p 00000000 00:00 0 
1000a0000-140000000 ---p 00000000 00:00 0 
7f2410000000-7f2410021000 rw-p 00000000 00:00 0 
7f2410021000-7f2414000000 ---p 00000000 00:00 0 
7f2418000000-7f24184f1000 rw-p 00000000 00:00 0 
7f24184f1000-7f241c000000 ---p 00000000 00:00 0 
7f241c000000-7f241c021000 rw-p 00000000 00:00 0 
7f241c021000-7f2420000000 ---p 00000000 00:00 0 
7f2420000000-7f2420021000 rw-p 00000000 00:00 0 
7f2420021000-7f2424000000 ---p 00000000 00:00 0 
7f2424000000-7f2425a4c000 rw-p 00000000 00:00 0 
7f2425a4c000-7f2428000000 ---p 00000000 00:00 0 
7f2428000000-7f2428021000 rw-p 00000000 00:00 0 
7f2428021000-7f242c000000 ---p 00000000 00:00 0 
7f242c000000-7f242c021000 rw-p 00000000 00:00 0 
7f242c021000-7f2430000000 ---p 00000000 00:00 0 
7f2430000000-7f2430021000 rw-p 00000000 00:00 0 
7f2430021000-7f2434000000 ---p 00000000 00:00 0 
7f2434000000-7f243428a000 rw-p 00000000 00:00 0 
7f243428a000-7f2438000000 ---p 00000000 00:00 0 
7f2438000000-7f2438021000 rw-p 00000000 00:00 0 
7f2438021000-7f243c000000 ---p 00000000 00:00 0 
7f243cb3d000-7f243cb4c000 r--s 000dd000 08:03 11667105                   /home/moat/Android/Sdk/build-tools/21.1.2/lib/dx.jar
7f243cb53000-7f243cb54000 ---p 00000000 00:00 0 
7f243cb54000-7f243cc54000 rw-p 00000000 00:00 0                          [stack:25780]
7f243cc54000-7f243cc57000 ---p 00000000 00:00 0 
7f243cc57000-7f243cd55000 rw-p 00000000 00:00 0                          [stack:25779]
7f243cd55000-7f243cd58000 ---p 00000000 00:00 0 
7f243cd58000-7f243ce56000 rw-p 00000000 00:00 0                          [stack:25778]
7f243ce56000-7f243ce59000 ---p 00000000 00:00 0 
7f243ce59000-7f243cf57000 rw-p 00000000 00:00 0                          [stack:25777]
7f243cf57000-7f243cf5a000 ---p 00000000 00:00 0 
7f243cf5a000-7f243d058000 rw-p 00000000 00:00 0                          [stack:25776]
7f243d058000-7f243d1e1000 r--p 00000000 08:02 569455                     /usr/lib/locale/locale-archive
7f243d1e2000-7f243d1e5000 ---p 00000000 00:00 0 
7f243d1e5000-7f243d2e3000 rw-p 00000000 00:00 0                          [stack:25775]
7f243d2e3000-7f243d2e6000 ---p 00000000 00:00 0 
7f243d2e6000-7f243d3e4000 rw-p 00000000 00:00 0                          [stack:25774]
7f243d3e4000-7f243d3e5000 ---p 00000000 00:00 0 
7f243d3e5000-7f243de51000 rw-p 00000000 00:00 0                          [stack:25773]
7f243de51000-7f243e02a000 r--s 03d09000 08:02 797593                     /usr/lib/jvm/java-8-jdk/jre/lib/rt.jar
7f243e031000-7f243e6e7000 rw-p 00000000 00:00 0 
7f243e6e7000-7f243e8a7000 ---p 00000000 00:00 0 
7f243e8a7000-7f2440aa7000 rw-p 00000000 00:00 0 
7f2440aa7000-7f2440aa8000 ---p 00000000 00:00 0 
7f2440aa8000-7f2440ba8000 rw-p 00000000 00:00 0                          [stack:25772]
7f2440ba8000-7f2440ba9000 ---p 00000000 00:00 0 
7f2440ba9000-7f2440cb9000 rw-p 00000000 00:00 0                          [stack:25771]
7f2440cb9000-7f2440dff000 ---p 00000000 00:00 0 
7f2440dff000-7f2440e0f000 rw-p 00000000 00:00 0 
7f2440e0f000-7f2440f54000 ---p 00000000 00:00 0 
7f2440f54000-7f2440f63000 rw-p 00000000 00:00 0 
7f2440f63000-7f2440fff000 ---p 00000000 00:00 0 
7f2440fff000-7f2441000000 rw-p 00000000 00:00 0 
7f2441000000-7f2441540000 rwxp 00000000 00:00 0 
7f2441540000-7f2450000000 ---p 00000000 00:00 0 
7f2450000000-7f245038c000 rw-p 00000000 00:00 0 
7f245038c000-7f2454000000 ---p 00000000 00:00 0 
7f2454010000-7f2454025000 rw-p 00000000 00:00 0 
7f2454025000-7f24543d0000 ---p 00000000 00:00 0 
7f24543d0000-7f24543ea000 r-xp 00000000 08:02 797632                     /usr/lib/jvm/java-8-jdk/jre/lib/amd64/libzip.so
7f24543ea000-7f24545ea000 ---p 0001a000 08:02 797632                     /usr/lib/jvm/java-8-jdk/jre/lib/amd64/libzip.so
7f24545ea000-7f24545eb000 rw-p 0001a000 08:02 797632                     /usr/lib/jvm/java-8-jdk/jre/lib/amd64/libzip.so
7f24545f0000-7f24545fb000 r-xp 00000000 08:02 527781                     /usr/lib/libnss_files-2.21.so
7f24545fb000-7f24547fb000 ---p 0000b000 08:02 527781                     /usr/lib/libnss_files-2.21.so
7f24547fb000-7f24547fc000 r--p 0000b000 08:02 527781                     /usr/lib/libnss_files-2.21.so
7f24547fc000-7f24547fd000 rw-p 0000c000 08:02 527781                     /usr/lib/libnss_files-2.21.so
7f2454800000-7f245482a000 r-xp 00000000 08:02 797687                     /usr/lib/jvm/java-8-jdk/jre/lib/amd64/libjava.so
7f245482a000-7f2454a2a000 ---p 0002a000 08:02 797687                     /usr/lib/jvm/java-8-jdk/jre/lib/amd64/libjava.so
7f2454a2a000-7f2454a2c000 rw-p 0002a000 08:02 797687                     /usr/lib/jvm/java-8-jdk/jre/lib/amd64/libjava.so
7f2454a30000-7f2454a3d000 r-xp 00000000 08:02 797688                     /usr/lib/jvm/java-8-jdk/jre/lib/amd64/libverify.so
7f2454a3d000-7f2454c3d000 ---p 0000d000 08:02 797688                     /usr/lib/jvm/java-8-jdk/jre/lib/amd64/libverify.so
7f2454c3d000-7f2454c3f000 rw-p 0000d000 08:02 797688                     /usr/lib/jvm/java-8-jdk/jre/lib/amd64/libverify.so
7f2454c40000-7f2454c47000 r-xp 00000000 08:02 530849                     /usr/lib/librt-2.21.so
7f2454c47000-7f2454e46000 ---p 00007000 08:02 530849                     /usr/lib/librt-2.21.so
7f2454e46000-7f2454e47000 r--p 00006000 08:02 530849                     /usr/lib/librt-2.21.so
7f2454e47000-7f2454e48000 rw-p 00007000 08:02 530849                     /usr/lib/librt-2.21.so
7f2454e48000-7f2454f4b000 r-xp 00000000 08:02 560559                     /usr/lib/libm-2.21.so
7f2454f4b000-7f245514b000 ---p 00103000 08:02 560559                     /usr/lib/libm-2.21.so
7f245514b000-7f245514c000 r--p 00103000 08:02 560559                     /usr/lib/libm-2.21.so
7f245514c000-7f245514d000 rw-p 00104000 08:02 560559                     /usr/lib/libm-2.21.so
7f2455150000-7f2455dfe000 r-xp 00000000 08:02 797692                     /usr/lib/jvm/java-8-jdk/jre/lib/amd64/server/libjvm.so
7f2455dfe000-7f2455ffd000 ---p 00cae000 08:02 797692                     /usr/lib/jvm/java-8-jdk/jre/lib/amd64/server/libjvm.so
7f2455ffd000-7f24560d4000 rw-p 00cad000 08:02 797692                     /usr/lib/jvm/java-8-jdk/jre/lib/amd64/server/libjvm.so
7f24560d4000-7f2456118000 rw-p 00000000 00:00 0 
7f2456118000-7f24562b1000 r-xp 00000000 08:02 527791                     /usr/lib/libc-2.21.so
7f24562b1000-7f24564b1000 ---p 00199000 08:02 527791                     /usr/lib/libc-2.21.so
7f24564b1000-7f24564b5000 r--p 00199000 08:02 527791                     /usr/lib/libc-2.21.so
7f24564b5000-7f24564b7000 rw-p 0019d000 08:02 527791                     /usr/lib/libc-2.21.so
7f24564b7000-7f24564bb000 rw-p 00000000 00:00 0 
7f24564c0000-7f24564c2000 r-xp 00000000 08:02 546936                     /usr/lib/libdl-2.21.so
7f24564c2000-7f24566c2000 ---p 00002000 08:02 546936                     /usr/lib/libdl-2.21.so
7f24566c2000-7f24566c3000 r--p 00002000 08:02 546936                     /usr/lib/libdl-2.21.so
7f24566c3000-7f24566c4000 rw-p 00003000 08:02 546936                     /usr/lib/libdl-2.21.so
7f24566c8000-7f24566dd000 r-xp 00000000 08:02 797694                     /usr/lib/jvm/java-8-jdk/jre/lib/amd64/jli/libjli.so
7f24566dd000-7f24568dd000 ---p 00015000 08:02 797694                     /usr/lib/jvm/java-8-jdk/jre/lib/amd64/jli/libjli.so
7f24568dd000-7f24568de000 rw-p 00015000 08:02 797694                     /usr/lib/jvm/java-8-jdk/jre/lib/amd64/jli/libjli.so
7f24568e0000-7f24568f8000 r-xp 00000000 08:02 530816                     /usr/lib/libpthread-2.21.so
7f24568f8000-7f2456af7000 ---p 00018000 08:02 530816                     /usr/lib/libpthread-2.21.so
7f2456af7000-7f2456af8000 r--p 00017000 08:02 530816                     /usr/lib/libpthread-2.21.so
7f2456af8000-7f2456af9000 rw-p 00018000 08:02 530816                     /usr/lib/libpthread-2.21.so
7f2456af9000-7f2456afd000 rw-p 00000000 00:00 0 
7f2456b00000-7f2456b22000 r-xp 00000000 08:02 551578                     /usr/lib/ld-2.21.so
7f2456b2a000-7f2456c10000 rw-p 00000000 00:00 0 
7f2456c10000-7f2456c18000 rw-s 00000000 00:20 6274294                    /tmp/hsperfdata_moat/25764
7f2456c1e000-7f2456c20000 rw-p 00000000 00:00 0 
7f2456c20000-7f2456c23000 ---p 00000000 00:00 0 
7f2456c23000-7f2456d21000 rw-p 00000000 00:00 0                          [stack:25770]
7f2456d21000-7f2456d22000 r--p 00021000 08:02 551578                     /usr/lib/ld-2.21.so
7f2456d22000-7f2456d23000 rw-p 00022000 08:02 551578                     /usr/lib/ld-2.21.so
7f2456d23000-7f2456d24000 rw-p 00000000 00:00 0 
7f2456d24000-7f2456d25000 ---p 00000000 00:00 0 
7f2456d25000-7f2456d2a000 rw-p 00000000 00:00 0 
7ffd19404000-7ffd19425000 rw-p 00000000 00:00 0                          [stack]
7ffd19510000-7ffd19512000 r--p 00000000 00:00 0                          [vvar]
7ffd19512000-7ffd19514000 r-xp 00000000 00:00 0                          [vdso]
ffffffffff600000-ffffffffff601000 r-xp 00000000 00:00 0                  [vsyscall]

VM Arguments:
jvm_args: -Xmx1024M -Dfile.encoding=UTF-8 -Duser.country=US -Duser.language=en -Duser.variant 
java_command: com.android.dx.command.Main --dex --output /home/moat/AndroidStudioProjects/age-of-mythology-android/app/build/intermediates/dex/debug /home/moat/AndroidStudioProjects/age-of-mythology-android/app/build/intermediates/classes/debug /home/moat/AndroidStudioProjects/age-of-mythology-android/app/build/intermediates/pre-dexed/debug/support-annotations-21.0.3-e5466e4fa09335beb1396c9e0a44bcc52e4b815c.jar /home/moat/AndroidStudioProjects/age-of-mythology-android/app/build/intermediates/pre-dexed/debug/internal_impl-21.0.3-9ed6a121d05bf7c84047e932743d56bd0e08c5a7.jar /home/moat/AndroidStudioProjects/age-of-mythology-android/app/build/intermediates/pre-dexed/debug/classes-2a02d5fba40e38bba0d527ec12a8a078beae4652.jar /home/moat/AndroidStudioProjects/age-of-mythology-android/app/build/intermediates/pre-dexed/debug/classes-fca2eed360a4c294ca59139b9b6a4305a1a88189.jar
java_class_path (initial): /home/moat/Android/Sdk/build-tools/21.1.2/lib/dx.jar
Launcher Type: SUN_STANDARD

Environment Variables:
CLASSPATH=/opt/android-studio/bin/../lib/bootstrap.jar:/opt/android-studio/bin/../lib/extensions.jar:/opt/android-studio/bin/../lib/util.jar:/opt/android-studio/bin/../lib/jdom.jar:/opt/android-studio/bin/../lib/log4j.jar:/opt/android-studio/bin/../lib/trove4j.jar:/opt/android-studio/bin/../lib/jna.jar:/usr/lib/jvm/java-8-jdk/lib/tools.jar
PATH=/usr/local/sbin:/usr/local/bin:/usr/bin:/opt/android-sdk/platform-tools:/opt/android-sdk/tools:/usr/share/java/gradle/bin:/usr/lib/jvm/default/bin:/usr/bin/site_perl:/usr/bin/vendor_perl:/usr/bin/core_perl
LD_LIBRARY_PATH=/opt/android-studio/bin:
SHELL=/bin/bash
DISPLAY=:0

Signal Handlers:
SIGSEGV: [libjvm.so+0xaad1e0], sa_mask[0]=11111111011111111101111111111110, sa_flags=SA_RESTART|SA_SIGINFO
SIGBUS: [libjvm.so+0xaad1e0], sa_mask[0]=11111111011111111101111111111110, sa_flags=SA_RESTART|SA_SIGINFO
SIGFPE: [libjvm.so+0x90b450], sa_mask[0]=11111111011111111101111111111110, sa_flags=SA_RESTART|SA_SIGINFO
SIGPIPE: [libjvm.so+0x90b450], sa_mask[0]=11111111011111111101111111111110, sa_flags=SA_RESTART|SA_SIGINFO
SIGXFSZ: [libjvm.so+0x90b450], sa_mask[0]=11111111011111111101111111111110, sa_flags=SA_RESTART|SA_SIGINFO
SIGILL: [libjvm.so+0x90b450], sa_mask[0]=11111111011111111101111111111110, sa_flags=SA_RESTART|SA_SIGINFO
SIGUSR1: SIG_DFL, sa_mask[0]=00000000000000000000000000000000, sa_flags=none
SIGUSR2: [libjvm.so+0x90ca90], sa_mask[0]=00100000000000000000000000000000, sa_flags=SA_RESTART|SA_SIGINFO
SIGHUP: [libjvm.so+0x90dde0], sa_mask[0]=11111111011111111101111111111110, sa_flags=SA_RESTART|SA_SIGINFO
SIGINT: [libjvm.so+0x90dde0], sa_mask[0]=11111111011111111101111111111110, sa_flags=SA_RESTART|SA_SIGINFO
SIGTERM: [libjvm.so+0x90dde0], sa_mask[0]=11111111011111111101111111111110, sa_flags=SA_RESTART|SA_SIGINFO
SIGQUIT: [libjvm.so+0x90dde0], sa_mask[0]=11111111011111111101111111111110, sa_flags=SA_RESTART|SA_SIGINFO


---------------  S Y S T E M  ---------------

OS:NAME="Arch Linux"
ID=arch
PRETTY_NAME="Arch Linux"
ANSI_COLOR="0;36"
HOME_URL="https://www.archlinux.org/"
SUPPORT_URL="https://bbs.archlinux.org/"
BUG_REPORT_URL="https://bugs.archlinux.org/"


uname:Linux 3.19.3-3-ARCH #1 SMP PREEMPT Wed Apr 8 14:10:00 CEST 2015 x86_64
libc:glibc 2.21 NPTL 2.21 
rlimit: STACK 8192k, CORE 0k, NPROC 11879, NOFILE 4096, AS infinity
load average:29.58 13.26 5.88

/proc/meminfo:
MemTotal:        3107048 kB
MemFree:           95288 kB
MemAvailable:      28024 kB
Buffers:             256 kB
Cached:            75032 kB
SwapCached:            0 kB
Active:          2159632 kB
Inactive:          64424 kB
Active(anon):    2156404 kB
Inactive(anon):    60556 kB
Active(file):       3228 kB
Inactive(file):     3868 kB
Unevictable:       15672 kB
Mlocked:           15676 kB
SwapTotal:             0 kB
SwapFree:              0 kB
Dirty:                64 kB
Writeback:           292 kB
AnonPages:       2164600 kB
Mapped:           662384 kB
Shmem:             61792 kB
Slab:              57816 kB
SReclaimable:      27312 kB
SUnreclaim:        30504 kB
KernelStack:        6320 kB
PageTables:        20268 kB
NFS_Unstable:          0 kB
Bounce:                0 kB
WritebackTmp:          0 kB
CommitLimit:     1553524 kB
Committed_AS:    3832420 kB
VmallocTotal:   34359738367 kB
VmallocUsed:      106708 kB
VmallocChunk:   34359623164 kB
HardwareCorrupted:     0 kB
AnonHugePages:    845824 kB
HugePages_Total:       0
HugePages_Free:        0
HugePages_Rsvd:        0
HugePages_Surp:        0
Hugepagesize:       2048 kB
DirectMap4k:     2049168 kB
DirectMap2M:     1253376 kB
DirectMap1G:           0 kB


CPU:total 2 (2 cores per cpu, 1 threads per core) family 21 model 19 stepping 1, cmov, cx8, fxsr, mmx, sse, sse2, sse3, ssse3, sse4.1, sse4.2, popcnt, avx, aes, clmul, mmxext, 3dnowpref, lzcnt, sse4a, tsc, tscinvbit, tscinv, bmi1

/proc/cpuinfo:
processor	: 0
vendor_id	: AuthenticAMD
cpu family	: 21
model		: 19
model name	: AMD A6-5350M APU with Radeon(tm) HD Graphics
stepping	: 1
microcode	: 0x6001119
cpu MHz		: 1400.000
cache size	: 1024 KB
physical id	: 0
siblings	: 2
core id		: 0
cpu cores	: 1
apicid		: 16
initial apicid	: 0
fpu		: yes
fpu_exception	: yes
cpuid level	: 13
wp		: yes
flags		: fpu vme de pse tsc msr pae mce cx8 apic sep mtrr pge mca cmov pat pse36 clflush mmx fxsr sse sse2 ht syscall nx mmxext fxsr_opt pdpe1gb rdtscp lm constant_tsc rep_good nopl nonstop_tsc extd_apicid aperfmperf pni pclmulqdq monitor ssse3 fma cx16 sse4_1 sse4_2 popcnt aes xsave avx f16c lahf_lm cmp_legacy svm extapic cr8_legacy abm sse4a misalignsse 3dnowprefetch osvw ibs xop skinit wdt lwp fma4 tce nodeid_msr tbm topoext perfctr_core perfctr_nb arat cpb hw_pstate npt lbrv svm_lock nrip_save tsc_scale vmcb_clean flushbyasid decodeassists pausefilter pfthreshold vmmcall bmi1
bugs		: fxsave_leak
bogomips	: 5791.80
TLB size	: 1536 4K pages
clflush size	: 64
cache_alignment	: 64
address sizes	: 48 bits physical, 48 bits virtual
power management: ts ttp tm 100mhzsteps hwpstate cpb eff_freq_ro

processor	: 1
vendor_id	: AuthenticAMD
cpu family	: 21
model		: 19
model name	: AMD A6-5350M APU with Radeon(tm) HD Graphics   
stepping	: 1
microcode	: 0x6001119
cpu MHz		: 1400.000
cache size	: 1024 KB
physical id	: 0
siblings	: 2
core id		: 1
cpu cores	: 1
apicid		: 17
initial apicid	: 1
fpu		: yes
fpu_exception	: yes
cpuid level	: 13
wp		: yes
flags		: fpu vme de pse tsc msr pae mce cx8 apic sep mtrr pge mca cmov pat pse36 clflush mmx fxsr sse sse2 ht syscall nx mmxext fxsr_opt pdpe1gb rdtscp lm constant_tsc rep_good nopl nonstop_tsc extd_apicid aperfmperf pni pclmulqdq monitor ssse3 fma cx16 sse4_1 sse4_2 popcnt aes xsave avx f16c lahf_lm cmp_legacy svm extapic cr8_legacy abm sse4a misalignsse 3dnowprefetch osvw ibs xop skinit wdt lwp fma4 tce nodeid_msr tbm topoext perfctr_core perfctr_nb arat cpb hw_pstate npt lbrv svm_lock nrip_save tsc_scale vmcb_clean flushbyasid decodeassists pausefilter pfthreshold vmmcall bmi1
bugs		: fxsave_leak
bogomips	: 5791.80
TLB size	: 1536 4K pages
clflush size	: 64
cache_alignment	: 64
address sizes	: 48 bits physical, 48 bits virtual
power management: ts ttp tm 100mhzsteps hwpstate cpb eff_freq_ro



Memory: 4k page, physical 3107048k(95184k free), swap 0k(0k free)

vm_info: Java HotSpot(TM) 64-Bit Server VM (25.45-b02) for linux-amd64 JRE (1.8.0_45-b14), built on Apr 10 2015 10:07:45 by "java_re" with gcc 4.3.0 20080428 (Red Hat 4.3.0-8)

time: Tue Apr 28 17:09:20 2015
elapsed time: 161 seconds (0d 0h 2m 41s)

