#
# There is insufficient memory for the Java Runtime Environment to continue.
# Native memory allocation (mmap) failed to map 32505856 bytes for committing reserved memory.
# Possible reasons:
#   The system is out of physical RAM or swap space
#   In 32 bit mode, the process size limit was hit
# Possible solutions:
#   Reduce memory load on the system
#   Increase physical memory or swap space
#   Check if swap backing store is full
#   Use 64 bit Java on a 64 bit OS
#   Decrease Java heap size (-Xmx/-Xms)
#   Decrease number of Java threads
#   Decrease Java thread stack sizes (-Xss)
#   Set larger code cache with -XX:ReservedCodeCacheSize=
# This output file may be truncated or incomplete.
#
#  Out of Memory Error (os_linux.cpp:2673), pid=2540, tid=139994796738304
#
# JRE version: Java(TM) SE Runtime Environment (8.0_45-b14) (build 1.8.0_45-b14)
# Java VM: Java HotSpot(TM) 64-Bit Server VM (25.45-b02 mixed mode linux-amd64 compressed oops)
# Failed to write core dump. Core dumps have been disabled. To enable core dumping, try "ulimit -c unlimited" before starting Java again
#

---------------  T H R E A D  ---------------

Current thread (0x00007f5310072800):  VMThread [stack: 0x00007f5314114000,0x00007f5314215000] [id=2549]

Stack: [0x00007f5314114000,0x00007f5314215000],  sp=0x00007f5314213020,  free space=1020k
Native frames: (J=compiled Java code, j=interpreted, Vv=VM code, C=native code)
V  [libjvm.so+0xaac99a]  VMError::report_and_die()+0x2ba
V  [libjvm.so+0x4f333b]  report_vm_out_of_memory(char const*, int, unsigned long, VMErrorType, char const*)+0x8b
V  [libjvm.so+0x90e7c3]  os::Linux::commit_memory_impl(char*, unsigned long, bool)+0x103
V  [libjvm.so+0x90ed19]  os::pd_commit_memory(char*, unsigned long, unsigned long, bool)+0x29
V  [libjvm.so+0x90867a]  os::commit_memory(char*, unsigned long, unsigned long, bool)+0x2a
V  [libjvm.so+0x97bac3]  PSVirtualSpace::expand_by(unsigned long)+0x53
V  [libjvm.so+0x97cec8]  PSYoungGen::resize_generation(unsigned long, unsigned long)+0xf8
V  [libjvm.so+0x97c022]  PSYoungGen::resize(unsigned long, unsigned long)+0x22
V  [libjvm.so+0x9792fb]  PSScavenge::invoke_no_policy()+0xf7b
V  [libjvm.so+0x979a81]  PSScavenge::invoke()+0x41
V  [libjvm.so+0x932050]  ParallelScavengeHeap::failed_mem_allocate(unsigned long)+0x70
V  [libjvm.so+0xaae1d7]  VM_ParallelGCFailedAllocation::doit()+0x97
V  [libjvm.so+0xab59c5]  VM_Operation::evaluate()+0x55
V  [libjvm.so+0xab3d9a]  VMThread::evaluate_operation(VM_Operation*)+0xba
V  [libjvm.so+0xab411e]  VMThread::loop()+0x1ce
V  [libjvm.so+0xab4590]  VMThread::run()+0x70
V  [libjvm.so+0x910de8]  java_start(Thread*)+0x108

VM_Operation (0x00007f5318a39320): ParallelGCFailedAllocation, mode: safepoint, requested by thread 0x00007f5310009000


---------------  P R O C E S S  ---------------

Java Threads: ( => current thread )
  0x00007f53100c3000 JavaThread "Service Thread" daemon [_thread_blocked, id=2555, stack(0x00007f530096c000,0x00007f5300a6d000)]
  0x00007f53100b6000 JavaThread "C1 CompilerThread1" daemon [_thread_blocked, id=2554, stack(0x00007f5300a6d000,0x00007f5300b6e000)]
  0x00007f53100b3800 JavaThread "C2 CompilerThread0" daemon [_thread_in_native, id=2553, stack(0x00007f5300b6e000,0x00007f5300c6f000)]
  0x00007f53100b2000 JavaThread "Signal Dispatcher" daemon [_thread_blocked, id=2552, stack(0x00007f5300c6f000,0x00007f5300d70000)]
  0x00007f5310079800 JavaThread "Finalizer" daemon [_thread_blocked, id=2551, stack(0x00007f5300eff000,0x00007f5301000000)]
  0x00007f5310077800 JavaThread "Reference Handler" daemon [_thread_blocked, id=2550, stack(0x00007f5314013000,0x00007f5314114000)]
  0x00007f5310009000 JavaThread "main" [_thread_blocked, id=2546, stack(0x00007f531893b000,0x00007f5318a3c000)]

Other Threads:
=>0x00007f5310072800 VMThread [stack: 0x00007f5314114000,0x00007f5314215000] [id=2549]
  0x00007f53100c6000 WatcherThread [stack: 0x00007f530086b000,0x00007f530096c000] [id=2556]

VM state:at safepoint (normal execution)

VM Mutex/Monitor currently owned by a thread:  ([mutex/lock_event])
[0x00007f53100068e0] Threads_lock - owner thread: 0x00007f5310072800
[0x00007f5310006de0] Heap_lock - owner thread: 0x00007f5310009000

Heap:
 PSYoungGen      total 26624K, used 2048K [0x00000000eab00000, 0x00000000ec700000, 0x0000000100000000)
  eden space 24576K, 0% used [0x00000000eab00000,0x00000000eab00000,0x00000000ec300000)
  from space 2048K, 100% used [0x00000000ec300000,0x00000000ec500000,0x00000000ec500000)
  to   space 2048K, 0% used [0x00000000ec500000,0x00000000ec500000,0x00000000ec700000)
 ParOldGen       total 32768K, used 11586K [0x00000000c0000000, 0x00000000c2000000, 0x00000000eab00000)
  object space 32768K, 35% used [0x00000000c0000000,0x00000000c0b50920,0x00000000c2000000)
 Metaspace       used 5747K, capacity 7024K, committed 7296K, reserved 1056768K
  class space    used 545K, capacity 616K, committed 640K, reserved 1048576K

Card table byte_map: [0x00007f5315b2f000,0x00007f5315d30000] byte_map_base: 0x00007f531552f000

Marking Bits: (ParMarkBitMap*) 0x00007f5317e0d760
 Begin Bits: [0x00007f52fa000000, 0x00007f52fb000000)
 End Bits:   [0x00007f52fb000000, 0x00007f52fc000000)

Polling page: 0x00007f531893a000

CodeCache: size=245760Kb used=5724Kb max_used=5724Kb free=240035Kb
 bounds [0x00007f5301000000, 0x00007f53015a0000, 0x00007f5310000000]
 total_blobs=1715 nmethods=1452 adapters=178
 compilation: enabled

Compilation events (10 events):
Event: 5.988 Thread 0x00007f53100b6000 1464       2       com.android.dx.cf.code.BasicBlocker::visitBranch (98 bytes)
Event: 5.990 Thread 0x00007f53100b6000 nmethod 1464 0x00007f53015977d0 code [0x00007f53015979e0, 0x00007f5301598178]
Event: 5.990 Thread 0x00007f53100b6000 1465       2       com.android.dx.cf.code.Simulator$SimVisitor::visitBranch (341 bytes)
Event: 5.992 Thread 0x00007f53100b6000 nmethod 1465 0x00007f5301599090 code [0x00007f53015992c0, 0x00007f5301599a68]
Event: 6.001 Thread 0x00007f53100b6000 1466       2       java.util.Collections::unmodifiableCollection (9 bytes)
Event: 6.002 Thread 0x00007f53100b6000 nmethod 1466 0x00007f530159a110 code [0x00007f530159a280, 0x00007f530159a4c8]
Event: 6.011 Thread 0x00007f53100b6000 1467       2       java.util.TreeMap$EntryIterator::next (5 bytes)
Event: 6.012 Thread 0x00007f53100b6000 nmethod 1467 0x00007f530159a5d0 code [0x00007f530159a740, 0x00007f530159a8a8]
Event: 6.025 Thread 0x00007f53100b6000 1468       2       com.android.dx.dex.code.RopTranslator::access$600 (6 bytes)
Event: 6.025 Thread 0x00007f53100b6000 nmethod 1468 0x00007f530159a950 code [0x00007f530159aac0, 0x00007f530159ac08]

GC Heap History (9 events):
Event: 3.591 GC heap before
{Heap before GC invocations=1 (full 0):
 PSYoungGen      total 14336K, used 12288K [0x00000000eab00000, 0x00000000ebb00000, 0x0000000100000000)
  eden space 12288K, 100% used [0x00000000eab00000,0x00000000eb700000,0x00000000eb700000)
  from space 2048K, 0% used [0x00000000eb900000,0x00000000eb900000,0x00000000ebb00000)
  to   space 2048K, 0% used [0x00000000eb700000,0x00000000eb700000,0x00000000eb900000)
 ParOldGen       total 32768K, used 0K [0x00000000c0000000, 0x00000000c2000000, 0x00000000eab00000)
  object space 32768K, 0% used [0x00000000c0000000,0x00000000c0000000,0x00000000c2000000)
 Metaspace       used 5270K, capacity 6640K, committed 6784K, reserved 1056768K
  class space    used 540K, capacity 616K, committed 640K, reserved 1048576K
Event: 3.601 GC heap after
Heap after GC invocations=1 (full 0):
 PSYoungGen      total 14336K, used 2032K [0x00000000eab00000, 0x00000000ebb00000, 0x0000000100000000)
  eden space 12288K, 0% used [0x00000000eab00000,0x00000000eab00000,0x00000000eb700000)
  from space 2048K, 99% used [0x00000000eb700000,0x00000000eb8fc028,0x00000000eb900000)
  to   space 2048K, 0% used [0x00000000eb900000,0x00000000eb900000,0x00000000ebb00000)
 ParOldGen       total 32768K, used 1805K [0x00000000c0000000, 0x00000000c2000000, 0x00000000eab00000)
  object space 32768K, 5% used [0x00000000c0000000,0x00000000c01c3580,0x00000000c2000000)
 Metaspace       used 5270K, capacity 6640K, committed 6784K, reserved 1056768K
  class space    used 540K, capacity 616K, committed 640K, reserved 1048576K
}
Event: 4.075 GC heap before
{Heap before GC invocations=2 (full 0):
 PSYoungGen      total 14336K, used 14320K [0x00000000eab00000, 0x00000000ebb00000, 0x0000000100000000)
  eden space 12288K, 100% used [0x00000000eab00000,0x00000000eb700000,0x00000000eb700000)
  from space 2048K, 99% used [0x00000000eb700000,0x00000000eb8fc028,0x00000000eb900000)
  to   space 2048K, 0% used [0x00000000eb900000,0x00000000eb900000,0x00000000ebb00000)
 ParOldGen       total 32768K, used 1805K [0x00000000c0000000, 0x00000000c2000000, 0x00000000eab00000)
  object space 32768K, 5% used [0x00000000c0000000,0x00000000c01c3580,0x00000000c2000000)
 Metaspace       used 5521K, capacity 6832K, committed 7040K, reserved 1056768K
  class space    used 545K, capacity 616K, committed 640K, reserved 1048576K
Event: 4.090 GC heap after
Heap after GC invocations=2 (full 0):
 PSYoungGen      total 14336K, used 2048K [0x00000000eab00000, 0x00000000ec700000, 0x0000000100000000)
  eden space 12288K, 0% used [0x00000000eab00000,0x00000000eab00000,0x00000000eb700000)
  from space 2048K, 100% used [0x00000000eb900000,0x00000000ebb00000,0x00000000ebb00000)
  to   space 2048K, 0% used [0x00000000eb700000,0x00000000eb700000,0x00000000eb900000)
 ParOldGen       total 32768K, used 3892K [0x00000000c0000000, 0x00000000c2000000, 0x00000000eab00000)
  object space 32768K, 11% used [0x00000000c0000000,0x00000000c03cd278,0x00000000c2000000)
 Metaspace       used 5521K, capacity 6832K, committed 7040K, reserved 1056768K
  class space    used 545K, capacity 616K, committed 640K, reserved 1048576K
}
Event: 5.198 GC heap before
{Heap before GC invocations=3 (full 0):
 PSYoungGen      total 14336K, used 14336K [0x00000000eab00000, 0x00000000ec700000, 0x0000000100000000)
  eden space 12288K, 100% used [0x00000000eab00000,0x00000000eb700000,0x00000000eb700000)
  from space 2048K, 100% used [0x00000000eb900000,0x00000000ebb00000,0x00000000ebb00000)
  to   space 2048K, 0% used [0x00000000eb700000,0x00000000eb700000,0x00000000eb900000)
 ParOldGen       total 32768K, used 3892K [0x00000000c0000000, 0x00000000c2000000, 0x00000000eab00000)
  object space 32768K, 11% used [0x00000000c0000000,0x00000000c03cd278,0x00000000c2000000)
 Metaspace       used 5646K, capacity 6960K, committed 7040K, reserved 1056768K
  class space    used 545K, capacity 616K, committed 640K, reserved 1048576K
Event: 5.309 GC heap after
Heap after GC invocations=3 (full 0):
 PSYoungGen      total 14336K, used 2048K [0x00000000eab00000, 0x00000000ec700000, 0x0000000100000000)
  eden space 12288K, 0% used [0x00000000eab00000,0x00000000eab00000,0x00000000eb700000)
  from space 2048K, 100% used [0x00000000eb700000,0x00000000eb900000,0x00000000eb900000)
  to   space 2048K, 0% used [0x00000000ec500000,0x00000000ec500000,0x00000000ec700000)
 ParOldGen       total 32768K, used 5939K [0x00000000c0000000, 0x00000000c2000000, 0x00000000eab00000)
  object space 32768K, 18% used [0x00000000c0000000,0x00000000c05ccef8,0x00000000c2000000)
 Metaspace       used 5646K, capacity 6960K, committed 7040K, reserved 1056768K
  class space    used 545K, capacity 616K, committed 640K, reserved 1048576K
}
Event: 5.623 GC heap before
{Heap before GC invocations=4 (full 0):
 PSYoungGen      total 14336K, used 14336K [0x00000000eab00000, 0x00000000ec700000, 0x0000000100000000)
  eden space 12288K, 100% used [0x00000000eab00000,0x00000000eb700000,0x00000000eb700000)
  from space 2048K, 100% used [0x00000000eb700000,0x00000000eb900000,0x00000000eb900000)
  to   space 2048K, 0% used [0x00000000ec500000,0x00000000ec500000,0x00000000ec700000)
 ParOldGen       total 32768K, used 5939K [0x00000000c0000000, 0x00000000c2000000, 0x00000000eab00000)
  object space 32768K, 18% used [0x00000000c0000000,0x00000000c05ccef8,0x00000000c2000000)
 Metaspace       used 5712K, capacity 7024K, committed 7296K, reserved 1056768K
  class space    used 545K, capacity 616K, committed 640K, reserved 1048576K
Event: 5.654 GC heap after
Heap after GC invocations=4 (full 0):
 PSYoungGen      total 26624K, used 2016K [0x00000000eab00000, 0x00000000ec700000, 0x0000000100000000)
  eden space 24576K, 0% used [0x00000000eab00000,0x00000000eab00000,0x00000000ec300000)
  from space 2048K, 98% used [0x00000000ec500000,0x00000000ec6f8010,0x00000000ec700000)
  to   space 2048K, 0% used [0x00000000ec300000,0x00000000ec300000,0x00000000ec500000)
 ParOldGen       total 32768K, used 7955K [0x00000000c0000000, 0x00000000c2000000, 0x00000000eab00000)
  object space 32768K, 24% used [0x00000000c0000000,0x00000000c07c4ef8,0x00000000c2000000)
 Metaspace       used 5712K, capacity 7024K, committed 7296K, reserved 1056768K
  class space    used 545K, capacity 616K, committed 640K, reserved 1048576K
}
Event: 6.035 GC heap before
{Heap before GC invocations=5 (full 0):
 PSYoungGen      total 26624K, used 26592K [0x00000000eab00000, 0x00000000ec700000, 0x0000000100000000)
  eden space 24576K, 100% used [0x00000000eab00000,0x00000000ec300000,0x00000000ec300000)
  from space 2048K, 98% used [0x00000000ec500000,0x00000000ec6f8010,0x00000000ec700000)
  to   space 2048K, 0% used [0x00000000ec300000,0x00000000ec300000,0x00000000ec500000)
 ParOldGen       total 32768K, used 7955K [0x00000000c0000000, 0x00000000c2000000, 0x00000000eab00000)
  object space 32768K, 24% used [0x00000000c0000000,0x00000000c07c4ef8,0x00000000c2000000)
 Metaspace       used 5747K, capacity 7024K, committed 7296K, reserved 1056768K
  class space    used 545K, capacity 616K, committed 640K, reserved 1048576K

Deoptimization events (7 events):
Event: 2.661 Thread 0x00007f5310009000 Uncommon trap: reason=unstable_if action=reinterpret pc=0x00007f530114e284 method=java.lang.String.indexOf(II)I @ 49
Event: 3.271 Thread 0x00007f5310009000 Uncommon trap: reason=unstable_if action=reinterpret pc=0x00007f53011bf6a4 method=com.android.dx.rop.cst.CstFieldRef.compareTo0(Lcom/android/dx/rop/cst/Constant;)I @ 7
Event: 3.464 Thread 0x00007f5310009000 Uncommon trap: reason=unstable_if action=reinterpret pc=0x00007f5301236b44 method=java.util.HashMap.getNode(ILjava/lang/Object;)Ljava/util/HashMap$Node; @ 129
Event: 3.951 Thread 0x00007f5310009000 Uncommon trap: reason=class_check action=maybe_recompile pc=0x00007f53013a5870 method=com.android.dx.rop.type.Type.equals(Ljava/lang/Object;)Z @ 8
Event: 3.955 Thread 0x00007f5310009000 Uncommon trap: reason=class_check action=maybe_recompile pc=0x00007f53013a5870 method=com.android.dx.rop.type.Type.equals(Ljava/lang/Object;)Z @ 8
Event: 4.178 Thread 0x00007f5310009000 Uncommon trap: reason=class_check action=maybe_recompile pc=0x00007f53013a5870 method=com.android.dx.rop.type.Type.equals(Ljava/lang/Object;)Z @ 8
Event: 4.178 Thread 0x00007f5310009000 Uncommon trap: reason=class_check action=maybe_recompile pc=0x00007f53013a5870 method=com.android.dx.rop.type.Type.equals(Ljava/lang/Object;)Z @ 8

Internal exceptions (2 events):
Event: 0.757 Thread 0x00007f5310009000 Exception <a 'java/lang/NoSuchMethodError': Method sun.misc.Unsafe.defineClass(Ljava/lang/String;[BII)Ljava/lang/Class; name or signature does not match> (0x00000000eab12a28) thrown at [/RE-WORK/workspace/8-2-build-linux-amd64/jdk8u45/3457/hotspot/src/sha
Event: 0.763 Thread 0x00007f5310009000 Exception <a 'java/lang/NoSuchMethodError': Method sun.misc.Unsafe.prefetchRead(Ljava/lang/Object;J)V name or signature does not match> (0x00000000eab12cb8) thrown at [/RE-WORK/workspace/8-2-build-linux-amd64/jdk8u45/3457/hotspot/src/share/vm/prims/jni.cp

Events (10 events):
Event: 4.178 Thread 0x00007f5310009000 DEOPT PACKING pc=0x00007f53013a5870 sp=0x00007f5318a38bd0
Event: 4.178 Thread 0x00007f5310009000 DEOPT UNPACKING pc=0x00007f5301005229 sp=0x00007f5318a38b88 mode 2
Event: 4.178 Thread 0x00007f5310009000 Uncommon trap: trap_request=0xffffffde fr.pc=0x00007f53013a5870
Event: 4.178 Thread 0x00007f5310009000 DEOPT PACKING pc=0x00007f53013a5870 sp=0x00007f5318a38a30
Event: 4.178 Thread 0x00007f5310009000 DEOPT UNPACKING pc=0x00007f5301005229 sp=0x00007f5318a389e8 mode 2
Event: 5.163 Executing VM operation: ParallelGCFailedAllocation
Event: 5.310 Executing VM operation: ParallelGCFailedAllocation done
Event: 5.623 Executing VM operation: ParallelGCFailedAllocation
Event: 5.654 Executing VM operation: ParallelGCFailedAllocation done
Event: 6.035 Executing VM operation: ParallelGCFailedAllocation


Dynamic libraries:
00400000-00401000 r-xp 00000000 08:02 797293                             /usr/lib/jvm/java-8-jdk/jre/bin/java
00600000-00601000 rw-p 00000000 08:02 797293                             /usr/lib/jvm/java-8-jdk/jre/bin/java
0239e000-023bf000 rw-p 00000000 00:00 0                                  [heap]
c0000000-c2000000 rw-p 00000000 00:00 0 
c2000000-eab00000 ---p 00000000 00:00 0 
eab00000-ec700000 rw-p 00000000 00:00 0 
ee600000-100000000 ---p 00000000 00:00 0 
100000000-1000a0000 rw-p 00000000 00:00 0 
1000a0000-140000000 ---p 00000000 00:00 0 
7f52d0000000-7f52d0021000 rw-p 00000000 00:00 0 
7f52d0021000-7f52d4000000 ---p 00000000 00:00 0 
7f52d8000000-7f52d8694000 rw-p 00000000 00:00 0 
7f52d8694000-7f52dc000000 ---p 00000000 00:00 0 
7f52dc000000-7f52dc021000 rw-p 00000000 00:00 0 
7f52dc021000-7f52e0000000 ---p 00000000 00:00 0 
7f52e0000000-7f52e0021000 rw-p 00000000 00:00 0 
7f52e0021000-7f52e4000000 ---p 00000000 00:00 0 
7f52e4000000-7f52e5605000 rw-p 00000000 00:00 0 
7f52e5605000-7f52e8000000 ---p 00000000 00:00 0 
7f52e8000000-7f52e8021000 rw-p 00000000 00:00 0 
7f52e8021000-7f52ec000000 ---p 00000000 00:00 0 
7f52ec000000-7f52ec021000 rw-p 00000000 00:00 0 
7f52ec021000-7f52f0000000 ---p 00000000 00:00 0 
7f52f0000000-7f52f028a000 rw-p 00000000 00:00 0 
7f52f028a000-7f52f4000000 ---p 00000000 00:00 0 
7f52f4000000-7f52f4021000 rw-p 00000000 00:00 0 
7f52f4021000-7f52f8000000 ---p 00000000 00:00 0 
7f52fa000000-7f52fc000000 rw-p 00000000 00:00 0 
7f52fc000000-7f52fc021000 rw-p 00000000 00:00 0 
7f52fc021000-7f5300000000 ---p 00000000 00:00 0 
7f5300855000-7f5300864000 r--s 000dd000 08:03 11667105                   /home/moat/Android/Sdk/build-tools/21.1.2/lib/dx.jar
7f530086b000-7f530086c000 ---p 00000000 00:00 0 
7f530086c000-7f530096c000 rw-p 00000000 00:00 0                          [stack:2556]
7f530096c000-7f530096f000 ---p 00000000 00:00 0 
7f530096f000-7f5300a6d000 rw-p 00000000 00:00 0                          [stack:2555]
7f5300a6d000-7f5300a70000 ---p 00000000 00:00 0 
7f5300a70000-7f5300b6e000 rw-p 00000000 00:00 0                          [stack:2554]
7f5300b6e000-7f5300b71000 ---p 00000000 00:00 0 
7f5300b71000-7f5300c6f000 rw-p 00000000 00:00 0                          [stack:2553]
7f5300c6f000-7f5300c72000 ---p 00000000 00:00 0 
7f5300c72000-7f5300d70000 rw-p 00000000 00:00 0                          [stack:2552]
7f5300d70000-7f5300ef9000 r--p 00000000 08:02 569455                     /usr/lib/locale/locale-archive
7f5300eff000-7f5300f02000 ---p 00000000 00:00 0 
7f5300f02000-7f5301000000 rw-p 00000000 00:00 0                          [stack:2551]
7f5301000000-7f53015a0000 rwxp 00000000 00:00 0 
7f53015a0000-7f5310000000 ---p 00000000 00:00 0 
7f5310000000-7f5310395000 rw-p 00000000 00:00 0 
7f5310395000-7f5314000000 ---p 00000000 00:00 0 
7f5314013000-7f5314016000 ---p 00000000 00:00 0 
7f5314016000-7f5314114000 rw-p 00000000 00:00 0                          [stack:2550]
7f5314114000-7f5314115000 ---p 00000000 00:00 0 
7f5314115000-7f5314b81000 rw-p 00000000 00:00 0                          [stack:2549]
7f5314b81000-7f5314d5a000 r--s 03d09000 08:02 797593                     /usr/lib/jvm/java-8-jdk/jre/lib/rt.jar
7f5314d61000-7f5315457000 rw-p 00000000 00:00 0 
7f5315457000-7f53155d7000 ---p 00000000 00:00 0 
7f53155d7000-7f53157d7000 rw-p 00000000 00:00 0 
7f53157d7000-7f53157d8000 ---p 00000000 00:00 0 
7f53157d8000-7f53158d8000 rw-p 00000000 00:00 0                          [stack:2548]
7f53158d8000-7f53158d9000 ---p 00000000 00:00 0 
7f53158d9000-7f53159e9000 rw-p 00000000 00:00 0                          [stack:2547]
7f53159e9000-7f5315b2f000 ---p 00000000 00:00 0 
7f5315b2f000-7f5315b3f000 rw-p 00000000 00:00 0 
7f5315b3f000-7f5315c84000 ---p 00000000 00:00 0 
7f5315c84000-7f5315c93000 rw-p 00000000 00:00 0 
7f5315c93000-7f5315d2f000 ---p 00000000 00:00 0 
7f5315d2f000-7f5315d47000 rw-p 00000000 00:00 0 
7f5315d47000-7f53160f0000 ---p 00000000 00:00 0 
7f53160f0000-7f531610a000 r-xp 00000000 08:02 797632                     /usr/lib/jvm/java-8-jdk/jre/lib/amd64/libzip.so
7f531610a000-7f531630a000 ---p 0001a000 08:02 797632                     /usr/lib/jvm/java-8-jdk/jre/lib/amd64/libzip.so
7f531630a000-7f531630b000 rw-p 0001a000 08:02 797632                     /usr/lib/jvm/java-8-jdk/jre/lib/amd64/libzip.so
7f5316310000-7f531631b000 r-xp 00000000 08:02 527781                     /usr/lib/libnss_files-2.21.so
7f531631b000-7f531651b000 ---p 0000b000 08:02 527781                     /usr/lib/libnss_files-2.21.so
7f531651b000-7f531651c000 r--p 0000b000 08:02 527781                     /usr/lib/libnss_files-2.21.so
7f531651c000-7f531651d000 rw-p 0000c000 08:02 527781                     /usr/lib/libnss_files-2.21.so
7f5316520000-7f531654a000 r-xp 00000000 08:02 797687                     /usr/lib/jvm/java-8-jdk/jre/lib/amd64/libjava.so
7f531654a000-7f531674a000 ---p 0002a000 08:02 797687                     /usr/lib/jvm/java-8-jdk/jre/lib/amd64/libjava.so
7f531674a000-7f531674c000 rw-p 0002a000 08:02 797687                     /usr/lib/jvm/java-8-jdk/jre/lib/amd64/libjava.so
7f5316750000-7f531675d000 r-xp 00000000 08:02 797688                     /usr/lib/jvm/java-8-jdk/jre/lib/amd64/libverify.so
7f531675d000-7f531695d000 ---p 0000d000 08:02 797688                     /usr/lib/jvm/java-8-jdk/jre/lib/amd64/libverify.so
7f531695d000-7f531695f000 rw-p 0000d000 08:02 797688                     /usr/lib/jvm/java-8-jdk/jre/lib/amd64/libverify.so
7f5316960000-7f5316967000 r-xp 00000000 08:02 530849                     /usr/lib/librt-2.21.so
7f5316967000-7f5316b66000 ---p 00007000 08:02 530849                     /usr/lib/librt-2.21.so
7f5316b66000-7f5316b67000 r--p 00006000 08:02 530849                     /usr/lib/librt-2.21.so
7f5316b67000-7f5316b68000 rw-p 00007000 08:02 530849                     /usr/lib/librt-2.21.so
7f5316b68000-7f5316c6b000 r-xp 00000000 08:02 560559                     /usr/lib/libm-2.21.so
7f5316c6b000-7f5316e6b000 ---p 00103000 08:02 560559                     /usr/lib/libm-2.21.so
7f5316e6b000-7f5316e6c000 r--p 00103000 08:02 560559                     /usr/lib/libm-2.21.so
7f5316e6c000-7f5316e6d000 rw-p 00104000 08:02 560559                     /usr/lib/libm-2.21.so
7f5316e70000-7f5317b1e000 r-xp 00000000 08:02 797692                     /usr/lib/jvm/java-8-jdk/jre/lib/amd64/server/libjvm.so
7f5317b1e000-7f5317d1d000 ---p 00cae000 08:02 797692                     /usr/lib/jvm/java-8-jdk/jre/lib/amd64/server/libjvm.so
7f5317d1d000-7f5317df4000 rw-p 00cad000 08:02 797692                     /usr/lib/jvm/java-8-jdk/jre/lib/amd64/server/libjvm.so
7f5317df4000-7f5317e38000 rw-p 00000000 00:00 0 
7f5317e38000-7f5317fd1000 r-xp 00000000 08:02 527791                     /usr/lib/libc-2.21.so
7f5317fd1000-7f53181d1000 ---p 00199000 08:02 527791                     /usr/lib/libc-2.21.so
7f53181d1000-7f53181d5000 r--p 00199000 08:02 527791                     /usr/lib/libc-2.21.so
7f53181d5000-7f53181d7000 rw-p 0019d000 08:02 527791                     /usr/lib/libc-2.21.so
7f53181d7000-7f53181db000 rw-p 00000000 00:00 0 
7f53181e0000-7f53181e2000 r-xp 00000000 08:02 546936                     /usr/lib/libdl-2.21.so
7f53181e2000-7f53183e2000 ---p 00002000 08:02 546936                     /usr/lib/libdl-2.21.so
7f53183e2000-7f53183e3000 r--p 00002000 08:02 546936                     /usr/lib/libdl-2.21.so
7f53183e3000-7f53183e4000 rw-p 00003000 08:02 546936                     /usr/lib/libdl-2.21.so
7f53183e8000-7f53183fd000 r-xp 00000000 08:02 797694                     /usr/lib/jvm/java-8-jdk/jre/lib/amd64/jli/libjli.so
7f53183fd000-7f53185fd000 ---p 00015000 08:02 797694                     /usr/lib/jvm/java-8-jdk/jre/lib/amd64/jli/libjli.so
7f53185fd000-7f53185fe000 rw-p 00015000 08:02 797694                     /usr/lib/jvm/java-8-jdk/jre/lib/amd64/jli/libjli.so
7f5318600000-7f5318618000 r-xp 00000000 08:02 530816                     /usr/lib/libpthread-2.21.so
7f5318618000-7f5318817000 ---p 00018000 08:02 530816                     /usr/lib/libpthread-2.21.so
7f5318817000-7f5318818000 r--p 00017000 08:02 530816                     /usr/lib/libpthread-2.21.so
7f5318818000-7f5318819000 rw-p 00018000 08:02 530816                     /usr/lib/libpthread-2.21.so
7f5318819000-7f531881d000 rw-p 00000000 00:00 0 
7f5318820000-7f5318842000 r-xp 00000000 08:02 551578                     /usr/lib/ld-2.21.so
7f531884a000-7f5318930000 rw-p 00000000 00:00 0 
7f5318930000-7f5318938000 rw-s 00000000 00:1f 450482                     /tmp/hsperfdata_moat/2540
7f5318938000-7f531893a000 rw-p 00000000 00:00 0 
7f531893a000-7f531893b000 ---p 00000000 00:00 0 
7f531893b000-7f531893e000 ---p 00000000 00:00 0 
7f531893e000-7f5318a41000 rw-p 00000000 00:00 0                          [stack:2546]
7f5318a41000-7f5318a42000 r--p 00021000 08:02 551578                     /usr/lib/ld-2.21.so
7f5318a42000-7f5318a43000 rw-p 00022000 08:02 551578                     /usr/lib/ld-2.21.so
7f5318a43000-7f5318a44000 rw-p 00000000 00:00 0 
7ffcff0b2000-7ffcff0d3000 rw-p 00000000 00:00 0                          [stack]
7ffcff1a0000-7ffcff1a2000 r--p 00000000 00:00 0                          [vvar]
7ffcff1a2000-7ffcff1a4000 r-xp 00000000 00:00 0                          [vdso]
ffffffffff600000-ffffffffff601000 r-xp 00000000 00:00 0                  [vsyscall]

VM Arguments:
jvm_args: -Xmx1024M -Dfile.encoding=UTF-8 -Duser.country=US -Duser.language=en -Duser.variant 
java_command: com.android.dx.command.Main --dex --output /home/moat/AndroidStudioProjects/age-of-mythology-android/app/build/intermediates/dex/debug /home/moat/AndroidStudioProjects/age-of-mythology-android/app/build/intermediates/classes/debug /home/moat/AndroidStudioProjects/age-of-mythology-android/app/build/intermediates/pre-dexed/debug/support-annotations-21.0.3-e5466e4fa09335beb1396c9e0a44bcc52e4b815c.jar /home/moat/AndroidStudioProjects/age-of-mythology-android/app/build/intermediates/pre-dexed/debug/internal_impl-21.0.3-9ed6a121d05bf7c84047e932743d56bd0e08c5a7.jar /home/moat/AndroidStudioProjects/age-of-mythology-android/app/build/intermediates/pre-dexed/debug/classes-2a02d5fba40e38bba0d527ec12a8a078beae4652.jar /home/moat/AndroidStudioProjects/age-of-mythology-android/app/build/intermediates/pre-dexed/debug/classes-fca2eed360a4c294ca59139b9b6a4305a1a88189.jar
java_class_path (initial): /home/moat/Android/Sdk/build-tools/21.1.2/lib/dx.jar
Launcher Type: SUN_STANDARD

Environment Variables:
CLASSPATH=/opt/android-studio/bin/../lib/bootstrap.jar:/opt/android-studio/bin/../lib/extensions.jar:/opt/android-studio/bin/../lib/util.jar:/opt/android-studio/bin/../lib/jdom.jar:/opt/android-studio/bin/../lib/log4j.jar:/opt/android-studio/bin/../lib/trove4j.jar:/opt/android-studio/bin/../lib/jna.jar:/usr/lib/jvm/java-8-jdk/lib/tools.jar
PATH=/usr/local/sbin:/usr/local/bin:/usr/bin:/opt/android-sdk/platform-tools:/opt/android-sdk/tools:/usr/share/java/gradle/bin:/usr/lib/jvm/default/bin:/usr/bin/site_perl:/usr/bin/vendor_perl:/usr/bin/core_perl
LD_LIBRARY_PATH=/opt/android-studio/bin:
SHELL=/bin/bash
DISPLAY=:0

Signal Handlers:
SIGSEGV: [libjvm.so+0xaad1e0], sa_mask[0]=11111111011111111101111111111110, sa_flags=SA_RESTART|SA_SIGINFO
SIGBUS: [libjvm.so+0xaad1e0], sa_mask[0]=11111111011111111101111111111110, sa_flags=SA_RESTART|SA_SIGINFO
SIGFPE: [libjvm.so+0x90b450], sa_mask[0]=11111111011111111101111111111110, sa_flags=SA_RESTART|SA_SIGINFO
SIGPIPE: [libjvm.so+0x90b450], sa_mask[0]=11111111011111111101111111111110, sa_flags=SA_RESTART|SA_SIGINFO
SIGXFSZ: [libjvm.so+0x90b450], sa_mask[0]=11111111011111111101111111111110, sa_flags=SA_RESTART|SA_SIGINFO
SIGILL: [libjvm.so+0x90b450], sa_mask[0]=11111111011111111101111111111110, sa_flags=SA_RESTART|SA_SIGINFO
SIGUSR1: SIG_DFL, sa_mask[0]=00000000000000000000000000000000, sa_flags=none
SIGUSR2: [libjvm.so+0x90ca90], sa_mask[0]=00100000000000000000000000000000, sa_flags=SA_RESTART|SA_SIGINFO
SIGHUP: [libjvm.so+0x90dde0], sa_mask[0]=11111111011111111101111111111110, sa_flags=SA_RESTART|SA_SIGINFO
SIGINT: [libjvm.so+0x90dde0], sa_mask[0]=11111111011111111101111111111110, sa_flags=SA_RESTART|SA_SIGINFO
SIGTERM: [libjvm.so+0x90dde0], sa_mask[0]=11111111011111111101111111111110, sa_flags=SA_RESTART|SA_SIGINFO
SIGQUIT: [libjvm.so+0x90dde0], sa_mask[0]=11111111011111111101111111111110, sa_flags=SA_RESTART|SA_SIGINFO


---------------  S Y S T E M  ---------------

OS:NAME="Arch Linux"
ID=arch
PRETTY_NAME="Arch Linux"
ANSI_COLOR="0;36"
HOME_URL="https://www.archlinux.org/"
SUPPORT_URL="https://bbs.archlinux.org/"
BUG_REPORT_URL="https://bugs.archlinux.org/"


uname:Linux 4.0.1-1-ARCH #1 SMP PREEMPT Wed Apr 29 12:00:26 CEST 2015 x86_64
libc:glibc 2.21 NPTL 2.21 
rlimit: STACK 8192k, CORE 0k, NPROC 11879, NOFILE 4096, AS infinity
load average:3.88 1.87 1.41

/proc/meminfo:
MemTotal:        3107036 kB
MemFree:           91712 kB
MemAvailable:      26640 kB
Buffers:             772 kB
Cached:            28284 kB
SwapCached:            0 kB
Active:          1653176 kB
Inactive:          14680 kB
Active(anon):    1645848 kB
Inactive(anon):     3664 kB
Active(file):       7328 kB
Inactive(file):    11016 kB
Unevictable:       15672 kB
Mlocked:           15676 kB
SwapTotal:             0 kB
SwapFree:              0 kB
Dirty:                36 kB
Writeback:          1584 kB
AnonPages:       1654792 kB
Mapped:           834912 kB
Shmem:              4152 kB
Slab:              51880 kB
SReclaimable:      20448 kB
SUnreclaim:        31432 kB
KernelStack:        4064 kB
PageTables:        10560 kB
NFS_Unstable:          0 kB
Bounce:                0 kB
WritebackTmp:          0 kB
CommitLimit:     1553516 kB
Committed_AS:    2809420 kB
VmallocTotal:   34359738367 kB
VmallocUsed:      107544 kB
VmallocChunk:   34359630567 kB
HardwareCorrupted:     0 kB
AnonHugePages:    980992 kB
HugePages_Total:       0
HugePages_Free:        0
HugePages_Rsvd:        0
HugePages_Surp:        0
Hugepagesize:       2048 kB
DirectMap4k:     1307792 kB
DirectMap2M:     1994752 kB
DirectMap1G:           0 kB


CPU:total 2 (2 cores per cpu, 1 threads per core) family 21 model 19 stepping 1, cmov, cx8, fxsr, mmx, sse, sse2, sse3, ssse3, sse4.1, sse4.2, popcnt, avx, aes, clmul, mmxext, 3dnowpref, lzcnt, sse4a, tsc, tscinvbit, tscinv, bmi1

/proc/cpuinfo:
processor	: 0
vendor_id	: AuthenticAMD
cpu family	: 21
model		: 19
model name	: AMD A6-5350M APU with Radeon(tm) HD Graphics
stepping	: 1
microcode	: 0x6001119
cpu MHz		: 1400.000
cache size	: 1024 KB
physical id	: 0
siblings	: 2
core id		: 0
cpu cores	: 1
apicid		: 16
initial apicid	: 0
fpu		: yes
fpu_exception	: yes
cpuid level	: 13
wp		: yes
flags		: fpu vme de pse tsc msr pae mce cx8 apic sep mtrr pge mca cmov pat pse36 clflush mmx fxsr sse sse2 ht syscall nx mmxext fxsr_opt pdpe1gb rdtscp lm constant_tsc rep_good nopl nonstop_tsc extd_apicid aperfmperf pni pclmulqdq monitor ssse3 fma cx16 sse4_1 sse4_2 popcnt aes xsave avx f16c lahf_lm cmp_legacy svm extapic cr8_legacy abm sse4a misalignsse 3dnowprefetch osvw ibs xop skinit wdt lwp fma4 tce nodeid_msr tbm topoext perfctr_core perfctr_nb arat cpb hw_pstate npt lbrv svm_lock nrip_save tsc_scale vmcb_clean flushbyasid decodeassists pausefilter pfthreshold vmmcall bmi1
bugs		: fxsave_leak
bogomips	: 5791.15
TLB size	: 1536 4K pages
clflush size	: 64
cache_alignment	: 64
address sizes	: 48 bits physical, 48 bits virtual
power management: ts ttp tm 100mhzsteps hwpstate cpb eff_freq_ro

processor	: 1
vendor_id	: AuthenticAMD
cpu family	: 21
model		: 19
model name	: AMD A6-5350M APU with Radeon(tm) HD Graphics   
stepping	: 1
microcode	: 0x6001119
cpu MHz		: 1400.000
cache size	: 1024 KB
physical id	: 0
siblings	: 2
core id		: 1
cpu cores	: 1
apicid		: 17
initial apicid	: 1
fpu		: yes
fpu_exception	: yes
cpuid level	: 13
wp		: yes
flags		: fpu vme de pse tsc msr pae mce cx8 apic sep mtrr pge mca cmov pat pse36 clflush mmx fxsr sse sse2 ht syscall nx mmxext fxsr_opt pdpe1gb rdtscp lm constant_tsc rep_good nopl nonstop_tsc extd_apicid aperfmperf pni pclmulqdq monitor ssse3 fma cx16 sse4_1 sse4_2 popcnt aes xsave avx f16c lahf_lm cmp_legacy svm extapic cr8_legacy abm sse4a misalignsse 3dnowprefetch osvw ibs xop skinit wdt lwp fma4 tce nodeid_msr tbm topoext perfctr_core perfctr_nb arat cpb hw_pstate npt lbrv svm_lock nrip_save tsc_scale vmcb_clean flushbyasid decodeassists pausefilter pfthreshold vmmcall bmi1
bugs		: fxsave_leak
bogomips	: 5791.15
TLB size	: 1536 4K pages
clflush size	: 64
cache_alignment	: 64
address sizes	: 48 bits physical, 48 bits virtual
power management: ts ttp tm 100mhzsteps hwpstate cpb eff_freq_ro



Memory: 4k page, physical 3107036k(91712k free), swap 0k(0k free)

vm_info: Java HotSpot(TM) 64-Bit Server VM (25.45-b02) for linux-amd64 JRE (1.8.0_45-b14), built on Apr 10 2015 10:07:45 by "java_re" with gcc 4.3.0 20080428 (Red Hat 4.3.0-8)

time: Mon May  4 11:19:18 2015
elapsed time: 17 seconds (0d 0h 0m 17s)

