#
# There is insufficient memory for the Java Runtime Environment to continue.
# Native memory allocation (mmap) failed to map 32505856 bytes for committing reserved memory.
# Possible reasons:
#   The system is out of physical RAM or swap space
#   In 32 bit mode, the process size limit was hit
# Possible solutions:
#   Reduce memory load on the system
#   Increase physical memory or swap space
#   Check if swap backing store is full
#   Use 64 bit Java on a 64 bit OS
#   Decrease Java heap size (-Xmx/-Xms)
#   Decrease number of Java threads
#   Decrease Java thread stack sizes (-Xss)
#   Set larger code cache with -XX:ReservedCodeCacheSize=
# This output file may be truncated or incomplete.
#
#  Out of Memory Error (os_linux.cpp:2673), pid=20534, tid=140029498377984
#
# JRE version: Java(TM) SE Runtime Environment (8.0_45-b14) (build 1.8.0_45-b14)
# Java VM: Java HotSpot(TM) 64-Bit Server VM (25.45-b02 mixed mode linux-amd64 compressed oops)
# Failed to write core dump. Core dumps have been disabled. To enable core dumping, try "ulimit -c unlimited" before starting Java again
#

---------------  T H R E A D  ---------------

Current thread (0x00007f5b24072800):  VMThread [stack: 0x00007f5b28724000,0x00007f5b28825000] [id=20543]

Stack: [0x00007f5b28724000,0x00007f5b28825000],  sp=0x00007f5b28823120,  free space=1020k
Native frames: (J=compiled Java code, j=interpreted, Vv=VM code, C=native code)
V  [libjvm.so+0xaac99a]  VMError::report_and_die()+0x2ba
V  [libjvm.so+0x4f333b]  report_vm_out_of_memory(char const*, int, unsigned long, VMErrorType, char const*)+0x8b
V  [libjvm.so+0x90e7c3]  os::Linux::commit_memory_impl(char*, unsigned long, bool)+0x103
V  [libjvm.so+0x90ed19]  os::pd_commit_memory(char*, unsigned long, unsigned long, bool)+0x29
V  [libjvm.so+0x90867a]  os::commit_memory(char*, unsigned long, unsigned long, bool)+0x2a
V  [libjvm.so+0x97bac3]  PSVirtualSpace::expand_by(unsigned long)+0x53
V  [libjvm.so+0x97cec8]  PSYoungGen::resize_generation(unsigned long, unsigned long)+0xf8
V  [libjvm.so+0x97c022]  PSYoungGen::resize(unsigned long, unsigned long)+0x22
V  [libjvm.so+0x9792fb]  PSScavenge::invoke_no_policy()+0xf7b
V  [libjvm.so+0x979a81]  PSScavenge::invoke()+0x41
V  [libjvm.so+0x932050]  ParallelScavengeHeap::failed_mem_allocate(unsigned long)+0x70
V  [libjvm.so+0xaae1d7]  VM_ParallelGCFailedAllocation::doit()+0x97
V  [libjvm.so+0xab59c5]  VM_Operation::evaluate()+0x55
V  [libjvm.so+0xab3d9a]  VMThread::evaluate_operation(VM_Operation*)+0xba
V  [libjvm.so+0xab411e]  VMThread::loop()+0x1ce
V  [libjvm.so+0xab4590]  VMThread::run()+0x70
V  [libjvm.so+0x910de8]  java_start(Thread*)+0x108

VM_Operation (0x00007f5b2d04e660): ParallelGCFailedAllocation, mode: safepoint, requested by thread 0x00007f5b24009000


---------------  P R O C E S S  ---------------

Java Threads: ( => current thread )
  0x00007f5b240bb000 JavaThread "Service Thread" daemon [_thread_blocked, id=20549, stack(0x00007f5b14eff000,0x00007f5b15000000)]
  0x00007f5b240b6000 JavaThread "C1 CompilerThread1" daemon [_thread_blocked, id=20548, stack(0x00007f5b28095000,0x00007f5b28196000)]
  0x00007f5b240b3800 JavaThread "C2 CompilerThread0" daemon [_thread_blocked, id=20547, stack(0x00007f5b28196000,0x00007f5b28297000)]
  0x00007f5b240b2000 JavaThread "Signal Dispatcher" daemon [_thread_blocked, id=20546, stack(0x00007f5b28297000,0x00007f5b28398000)]
  0x00007f5b24079800 JavaThread "Finalizer" daemon [_thread_blocked, id=20545, stack(0x00007f5b28522000,0x00007f5b28623000)]
  0x00007f5b24077800 JavaThread "Reference Handler" daemon [_thread_blocked, id=20544, stack(0x00007f5b28623000,0x00007f5b28724000)]
  0x00007f5b24009000 JavaThread "main" [_thread_blocked, id=20540, stack(0x00007f5b2cf50000,0x00007f5b2d051000)]

Other Threads:
=>0x00007f5b24072800 VMThread [stack: 0x00007f5b28724000,0x00007f5b28825000] [id=20543]
  0x00007f5b240be000 WatcherThread [stack: 0x00007f5b14dfe000,0x00007f5b14eff000] [id=20550]

VM state:at safepoint (normal execution)

VM Mutex/Monitor currently owned by a thread:  ([mutex/lock_event])
[0x00007f5b240068e0] Threads_lock - owner thread: 0x00007f5b24072800
[0x00007f5b24006de0] Heap_lock - owner thread: 0x00007f5b24009000

Heap:
 PSYoungGen      total 26624K, used 2048K [0x00000000eab00000, 0x00000000ec700000, 0x0000000100000000)
  eden space 24576K, 0% used [0x00000000eab00000,0x00000000eab00000,0x00000000ec300000)
  from space 2048K, 100% used [0x00000000ec300000,0x00000000ec500000,0x00000000ec500000)
  to   space 2048K, 0% used [0x00000000ec500000,0x00000000ec500000,0x00000000ec700000)
 ParOldGen       total 32768K, used 11830K [0x00000000c0000000, 0x00000000c2000000, 0x00000000eab00000)
  object space 32768K, 36% used [0x00000000c0000000,0x00000000c0b8dab8,0x00000000c2000000)
 Metaspace       used 5752K, capacity 7024K, committed 7296K, reserved 1056768K
  class space    used 545K, capacity 616K, committed 640K, reserved 1048576K

Card table byte_map: [0x00007f5b2a13f000,0x00007f5b2a340000] byte_map_base: 0x00007f5b29b3f000

Marking Bits: (ParMarkBitMap*) 0x00007f5b2c41d760
 Begin Bits: [0x00007f5b0e000000, 0x00007f5b0f000000)
 End Bits:   [0x00007f5b0f000000, 0x00007f5b10000000)

Polling page: 0x00007f5b2cf4f000

CodeCache: size=245760Kb used=6088Kb max_used=6121Kb free=239671Kb
 bounds [0x00007f5b15000000, 0x00007f5b15600000, 0x00007f5b24000000]
 total_blobs=1757 nmethods=1494 adapters=178
 compilation: enabled

Compilation events (10 events):
Event: 13.065 Thread 0x00007f5b240b3800 1344       4       java.lang.Object::equals (11 bytes)
Event: 13.066 Thread 0x00007f5b240b3800 nmethod 1344 0x00007f5b154eb490 code [0x00007f5b154eb5e0, 0x00007f5b154eb658]
Event: 13.066 Thread 0x00007f5b240b3800 1383       4       com.android.dx.rop.code.BasicBlockList$RegCountVisitor::visitPlainInsn (6 bytes)
Event: 13.071 Thread 0x00007f5b240b3800 nmethod 1383 0x00007f5b155eaa90 code [0x00007f5b155eac00, 0x00007f5b155eae98]
Event: 13.071 Thread 0x00007f5b240b3800 1448       4       com.android.dx.ssa.SsaMethod$2::visitNonMoveInsn (6 bytes)
Event: 13.072 Thread 0x00007f5b240b3800 nmethod 1448 0x00007f5b1553f4d0 code [0x00007f5b1553f620, 0x00007f5b1553f6a8]
Event: 13.072 Thread 0x00007f5b240b3800 1382       4       com.android.dx.rop.code.ThrowingCstInsn::<init> (51 bytes)
Event: 13.074 Thread 0x00007f5b240b3800 nmethod 1382 0x00007f5b155ea550 code [0x00007f5b155ea6a0, 0x00007f5b155ea878]
Event: 13.074 Thread 0x00007f5b240b3800 1396       4       java.util.Collections$UnmodifiableCollection$1::next (10 bytes)
Event: 17.034 Thread 0x00007f5b240b6000 1514       2       com.android.dx.ssa.SCCP::simulateStmt (481 bytes)

GC Heap History (9 events):
Event: 4.198 GC heap before
{Heap before GC invocations=1 (full 0):
 PSYoungGen      total 14336K, used 12288K [0x00000000eab00000, 0x00000000ebb00000, 0x0000000100000000)
  eden space 12288K, 100% used [0x00000000eab00000,0x00000000eb700000,0x00000000eb700000)
  from space 2048K, 0% used [0x00000000eb900000,0x00000000eb900000,0x00000000ebb00000)
  to   space 2048K, 0% used [0x00000000eb700000,0x00000000eb700000,0x00000000eb900000)
 ParOldGen       total 32768K, used 0K [0x00000000c0000000, 0x00000000c2000000, 0x00000000eab00000)
  object space 32768K, 0% used [0x00000000c0000000,0x00000000c0000000,0x00000000c2000000)
 Metaspace       used 5313K, capacity 6704K, committed 6784K, reserved 1056768K
  class space    used 540K, capacity 616K, committed 640K, reserved 1048576K
Event: 4.236 GC heap after
Heap after GC invocations=1 (full 0):
 PSYoungGen      total 14336K, used 2016K [0x00000000eab00000, 0x00000000ebb00000, 0x0000000100000000)
  eden space 12288K, 0% used [0x00000000eab00000,0x00000000eab00000,0x00000000eb700000)
  from space 2048K, 98% used [0x00000000eb700000,0x00000000eb8f8020,0x00000000eb900000)
  to   space 2048K, 0% used [0x00000000eb900000,0x00000000eb900000,0x00000000ebb00000)
 ParOldGen       total 32768K, used 1857K [0x00000000c0000000, 0x00000000c2000000, 0x00000000eab00000)
  object space 32768K, 5% used [0x00000000c0000000,0x00000000c01d04b8,0x00000000c2000000)
 Metaspace       used 5313K, capacity 6704K, committed 6784K, reserved 1056768K
  class space    used 540K, capacity 616K, committed 640K, reserved 1048576K
}
Event: 4.881 GC heap before
{Heap before GC invocations=2 (full 0):
 PSYoungGen      total 14336K, used 14304K [0x00000000eab00000, 0x00000000ebb00000, 0x0000000100000000)
  eden space 12288K, 100% used [0x00000000eab00000,0x00000000eb700000,0x00000000eb700000)
  from space 2048K, 98% used [0x00000000eb700000,0x00000000eb8f8020,0x00000000eb900000)
  to   space 2048K, 0% used [0x00000000eb900000,0x00000000eb900000,0x00000000ebb00000)
 ParOldGen       total 32768K, used 1857K [0x00000000c0000000, 0x00000000c2000000, 0x00000000eab00000)
  object space 32768K, 5% used [0x00000000c0000000,0x00000000c01d04b8,0x00000000c2000000)
 Metaspace       used 5539K, capacity 6832K, committed 7040K, reserved 1056768K
  class space    used 545K, capacity 616K, committed 640K, reserved 1048576K
Event: 4.895 GC heap after
Heap after GC invocations=2 (full 0):
 PSYoungGen      total 14336K, used 2032K [0x00000000eab00000, 0x00000000ec700000, 0x0000000100000000)
  eden space 12288K, 0% used [0x00000000eab00000,0x00000000eab00000,0x00000000eb700000)
  from space 2048K, 99% used [0x00000000eb900000,0x00000000ebafc020,0x00000000ebb00000)
  to   space 2048K, 0% used [0x00000000eb700000,0x00000000eb700000,0x00000000eb900000)
 ParOldGen       total 32768K, used 4001K [0x00000000c0000000, 0x00000000c2000000, 0x00000000eab00000)
  object space 32768K, 12% used [0x00000000c0000000,0x00000000c03e8690,0x00000000c2000000)
 Metaspace       used 5539K, capacity 6832K, committed 7040K, reserved 1056768K
  class space    used 545K, capacity 616K, committed 640K, reserved 1048576K
}
Event: 11.011 GC heap before
{Heap before GC invocations=3 (full 0):
 PSYoungGen      total 14336K, used 14320K [0x00000000eab00000, 0x00000000ec700000, 0x0000000100000000)
  eden space 12288K, 100% used [0x00000000eab00000,0x00000000eb700000,0x00000000eb700000)
  from space 2048K, 99% used [0x00000000eb900000,0x00000000ebafc020,0x00000000ebb00000)
  to   space 2048K, 0% used [0x00000000eb700000,0x00000000eb700000,0x00000000eb900000)
 ParOldGen       total 32768K, used 4001K [0x00000000c0000000, 0x00000000c2000000, 0x00000000eab00000)
  object space 32768K, 12% used [0x00000000c0000000,0x00000000c03e8690,0x00000000c2000000)
 Metaspace       used 5635K, capacity 6960K, committed 7040K, reserved 1056768K
  class space    used 545K, capacity 616K, committed 640K, reserved 1048576K
Event: 11.088 GC heap after
Heap after GC invocations=3 (full 0):
 PSYoungGen      total 14336K, used 2016K [0x00000000eab00000, 0x00000000ec700000, 0x0000000100000000)
  eden space 12288K, 0% used [0x00000000eab00000,0x00000000eab00000,0x00000000eb700000)
  from space 2048K, 98% used [0x00000000eb700000,0x00000000eb8f8010,0x00000000eb900000)
  to   space 2048K, 0% used [0x00000000ec500000,0x00000000ec500000,0x00000000ec700000)
 ParOldGen       total 32768K, used 5954K [0x00000000c0000000, 0x00000000c2000000, 0x00000000eab00000)
  object space 32768K, 18% used [0x00000000c0000000,0x00000000c05d0a88,0x00000000c2000000)
 Metaspace       used 5635K, capacity 6960K, committed 7040K, reserved 1056768K
  class space    used 545K, capacity 616K, committed 640K, reserved 1048576K
}
Event: 11.393 GC heap before
{Heap before GC invocations=4 (full 0):
 PSYoungGen      total 14336K, used 14304K [0x00000000eab00000, 0x00000000ec700000, 0x0000000100000000)
  eden space 12288K, 100% used [0x00000000eab00000,0x00000000eb700000,0x00000000eb700000)
  from space 2048K, 98% used [0x00000000eb700000,0x00000000eb8f8010,0x00000000eb900000)
  to   space 2048K, 0% used [0x00000000ec500000,0x00000000ec500000,0x00000000ec700000)
 ParOldGen       total 32768K, used 5954K [0x00000000c0000000, 0x00000000c2000000, 0x00000000eab00000)
  object space 32768K, 18% used [0x00000000c0000000,0x00000000c05d0a88,0x00000000c2000000)
 Metaspace       used 5693K, capacity 6960K, committed 7040K, reserved 1056768K
  class space    used 545K, capacity 616K, committed 640K, reserved 1048576K
Event: 11.432 GC heap after
Heap after GC invocations=4 (full 0):
 PSYoungGen      total 26624K, used 2048K [0x00000000eab00000, 0x00000000ec700000, 0x0000000100000000)
  eden space 24576K, 0% used [0x00000000eab00000,0x00000000eab00000,0x00000000ec300000)
  from space 2048K, 100% used [0x00000000ec500000,0x00000000ec700000,0x00000000ec700000)
  to   space 2048K, 0% used [0x00000000ec300000,0x00000000ec300000,0x00000000ec500000)
 ParOldGen       total 32768K, used 7974K [0x00000000c0000000, 0x00000000c2000000, 0x00000000eab00000)
  object space 32768K, 24% used [0x00000000c0000000,0x00000000c07c9ab8,0x00000000c2000000)
 Metaspace       used 5693K, capacity 6960K, committed 7040K, reserved 1056768K
  class space    used 545K, capacity 616K, committed 640K, reserved 1048576K
}
Event: 17.541 GC heap before
{Heap before GC invocations=5 (full 0):
 PSYoungGen      total 26624K, used 26624K [0x00000000eab00000, 0x00000000ec700000, 0x0000000100000000)
  eden space 24576K, 100% used [0x00000000eab00000,0x00000000ec300000,0x00000000ec300000)
  from space 2048K, 100% used [0x00000000ec500000,0x00000000ec700000,0x00000000ec700000)
  to   space 2048K, 0% used [0x00000000ec300000,0x00000000ec300000,0x00000000ec500000)
 ParOldGen       total 32768K, used 7974K [0x00000000c0000000, 0x00000000c2000000, 0x00000000eab00000)
  object space 32768K, 24% used [0x00000000c0000000,0x00000000c07c9ab8,0x00000000c2000000)
 Metaspace       used 5752K, capacity 7024K, committed 7296K, reserved 1056768K
  class space    used 545K, capacity 616K, committed 640K, reserved 1048576K

Deoptimization events (10 events):
Event: 4.696 Thread 0x00007f5b24009000 Uncommon trap: reason=unstable_if action=reinterpret pc=0x00007f5b153c6b4c method=java.util.HashMap.getNode(ILjava/lang/Object;)Ljava/util/HashMap$Node; @ 129
Event: 4.696 Thread 0x00007f5b24009000 Uncommon trap: reason=unstable_if action=reinterpret pc=0x00007f5b15312fbc method=java.util.HashMap.getNode(ILjava/lang/Object;)Ljava/util/HashMap$Node; @ 129
Event: 4.696 Thread 0x00007f5b24009000 Uncommon trap: reason=class_check action=maybe_recompile pc=0x00007f5b153ea7f0 method=com.android.dx.rop.type.Type.equals(Ljava/lang/Object;)Z @ 8
Event: 4.719 Thread 0x00007f5b24009000 Uncommon trap: reason=unstable_if action=reinterpret pc=0x00007f5b153ea090 method=com.android.dx.rop.code.RegisterSpecSet.put(Lcom/android/dx/rop/code/RegisterSpec;)V @ 77
Event: 4.719 Thread 0x00007f5b24009000 Uncommon trap: reason=unstable_if action=reinterpret pc=0x00007f5b15414dd8 method=com.android.dx.rop.code.RegisterSpecSet.put(Lcom/android/dx/rop/code/RegisterSpec;)V @ 77
Event: 4.721 Thread 0x00007f5b24009000 Uncommon trap: reason=unstable_if action=reinterpret pc=0x00007f5b15281744 method=java.util.HashMap.getNode(ILjava/lang/Object;)Ljava/util/HashMap$Node; @ 129
Event: 4.934 Thread 0x00007f5b24009000 Uncommon trap: reason=class_check action=maybe_recompile pc=0x00007f5b153ea7f0 method=com.android.dx.rop.type.Type.equals(Ljava/lang/Object;)Z @ 8
Event: 4.934 Thread 0x00007f5b24009000 Uncommon trap: reason=class_check action=maybe_recompile pc=0x00007f5b153ea7f0 method=com.android.dx.rop.type.Type.equals(Ljava/lang/Object;)Z @ 8
Event: 17.034 Thread 0x00007f5b24009000 Uncommon trap: reason=unstable_if action=reinterpret pc=0x00007f5b155a4978 method=com.android.dx.ssa.SCCP.simulateStmt(Lcom/android/dx/ssa/SsaInsn;)V @ 53
Event: 17.341 Thread 0x00007f5b24009000 Uncommon trap: reason=unstable_if action=reinterpret pc=0x00007f5b15408a3c method=com.android.dx.ssa.SsaMethod.updateOneDefinition(Lcom/android/dx/ssa/SsaInsn;Lcom/android/dx/rop/code/RegisterSpec;)V @ 4

Internal exceptions (2 events):
Event: 0.629 Thread 0x00007f5b24009000 Exception <a 'java/lang/NoSuchMethodError': Method sun.misc.Unsafe.defineClass(Ljava/lang/String;[BII)Ljava/lang/Class; name or signature does not match> (0x00000000eab12a30) thrown at [/RE-WORK/workspace/8-2-build-linux-amd64/jdk8u45/3457/hotspot/src/sha
Event: 0.629 Thread 0x00007f5b24009000 Exception <a 'java/lang/NoSuchMethodError': Method sun.misc.Unsafe.prefetchRead(Ljava/lang/Object;J)V name or signature does not match> (0x00000000eab12cc0) thrown at [/RE-WORK/workspace/8-2-build-linux-amd64/jdk8u45/3457/hotspot/src/share/vm/prims/jni.cp

Events (10 events):
Event: 11.432 Executing VM operation: ParallelGCFailedAllocation done
Event: 11.455 Thread 0x00007f5b24009000 DEOPT PACKING pc=0x00007f5b154a3f70 sp=0x00007f5b2d04e670
Event: 11.455 Thread 0x00007f5b24009000 DEOPT UNPACKING pc=0x00007f5b15047233 sp=0x00007f5b2d04e470 mode 0
Event: 17.034 Thread 0x00007f5b24009000 Uncommon trap: trap_request=0xffffff65 fr.pc=0x00007f5b155a4978
Event: 17.034 Thread 0x00007f5b24009000 DEOPT PACKING pc=0x00007f5b155a4978 sp=0x00007f5b2d04e710
Event: 17.034 Thread 0x00007f5b24009000 DEOPT UNPACKING pc=0x00007f5b15005229 sp=0x00007f5b2d04e6d8 mode 2
Event: 17.341 Thread 0x00007f5b24009000 Uncommon trap: trap_request=0xffffff65 fr.pc=0x00007f5b15408a3c
Event: 17.341 Thread 0x00007f5b24009000 DEOPT PACKING pc=0x00007f5b15408a3c sp=0x00007f5b2d04e4a0
Event: 17.341 Thread 0x00007f5b24009000 DEOPT UNPACKING pc=0x00007f5b15005229 sp=0x00007f5b2d04e468 mode 2
Event: 17.341 Executing VM operation: ParallelGCFailedAllocation


Dynamic libraries:
00400000-00401000 r-xp 00000000 08:02 797293                             /usr/lib/jvm/java-8-jdk/jre/bin/java
00600000-00601000 rw-p 00000000 08:02 797293                             /usr/lib/jvm/java-8-jdk/jre/bin/java
017ec000-0180d000 rw-p 00000000 00:00 0                                  [heap]
c0000000-c2000000 rw-p 00000000 00:00 0 
c2000000-eab00000 ---p 00000000 00:00 0 
eab00000-ec700000 rw-p 00000000 00:00 0 
ee600000-100000000 ---p 00000000 00:00 0 
100000000-1000a0000 rw-p 00000000 00:00 0 
1000a0000-140000000 ---p 00000000 00:00 0 
7f5ae4000000-7f5ae4021000 rw-p 00000000 00:00 0 
7f5ae4021000-7f5ae8000000 ---p 00000000 00:00 0 
7f5aec000000-7f5aec525000 rw-p 00000000 00:00 0 
7f5aec525000-7f5af0000000 ---p 00000000 00:00 0 
7f5af0000000-7f5af0021000 rw-p 00000000 00:00 0 
7f5af0021000-7f5af4000000 ---p 00000000 00:00 0 
7f5af4000000-7f5af4021000 rw-p 00000000 00:00 0 
7f5af4021000-7f5af8000000 ---p 00000000 00:00 0 
7f5af8000000-7f5af8eb0000 rw-p 00000000 00:00 0 
7f5af8eb0000-7f5afc000000 ---p 00000000 00:00 0 
7f5afc000000-7f5afc021000 rw-p 00000000 00:00 0 
7f5afc021000-7f5b00000000 ---p 00000000 00:00 0 
7f5b00000000-7f5b00021000 rw-p 00000000 00:00 0 
7f5b00021000-7f5b04000000 ---p 00000000 00:00 0 
7f5b04000000-7f5b0428a000 rw-p 00000000 00:00 0 
7f5b0428a000-7f5b08000000 ---p 00000000 00:00 0 
7f5b08000000-7f5b08021000 rw-p 00000000 00:00 0 
7f5b08021000-7f5b0c000000 ---p 00000000 00:00 0 
7f5b0e000000-7f5b10000000 rw-p 00000000 00:00 0 
7f5b10000000-7f5b10021000 rw-p 00000000 00:00 0 
7f5b10021000-7f5b14000000 ---p 00000000 00:00 0 
7f5b14dfe000-7f5b14dff000 ---p 00000000 00:00 0 
7f5b14dff000-7f5b14eff000 rw-p 00000000 00:00 0                          [stack:20550]
7f5b14eff000-7f5b14f02000 ---p 00000000 00:00 0 
7f5b14f02000-7f5b15000000 rw-p 00000000 00:00 0                          [stack:20549]
7f5b15000000-7f5b15600000 rwxp 00000000 00:00 0 
7f5b15600000-7f5b24000000 ---p 00000000 00:00 0 
7f5b24000000-7f5b243a5000 rw-p 00000000 00:00 0 
7f5b243a5000-7f5b28000000 ---p 00000000 00:00 0 
7f5b28085000-7f5b28094000 r--s 000dd000 08:03 11667105                   /home/moat/Android/Sdk/build-tools/21.1.2/lib/dx.jar
7f5b28095000-7f5b28098000 ---p 00000000 00:00 0 
7f5b28098000-7f5b28196000 rw-p 00000000 00:00 0                          [stack:20548]
7f5b28196000-7f5b28199000 ---p 00000000 00:00 0 
7f5b28199000-7f5b28297000 rw-p 00000000 00:00 0                          [stack:20547]
7f5b28297000-7f5b2829a000 ---p 00000000 00:00 0 
7f5b2829a000-7f5b28398000 rw-p 00000000 00:00 0                          [stack:20546]
7f5b28398000-7f5b28521000 r--p 00000000 08:02 569455                     /usr/lib/locale/locale-archive
7f5b28522000-7f5b28525000 ---p 00000000 00:00 0 
7f5b28525000-7f5b28623000 rw-p 00000000 00:00 0                          [stack:20545]
7f5b28623000-7f5b28626000 ---p 00000000 00:00 0 
7f5b28626000-7f5b28724000 rw-p 00000000 00:00 0                          [stack:20544]
7f5b28724000-7f5b28725000 ---p 00000000 00:00 0 
7f5b28725000-7f5b29191000 rw-p 00000000 00:00 0                          [stack:20543]
7f5b29191000-7f5b2936a000 r--s 03d09000 08:02 797593                     /usr/lib/jvm/java-8-jdk/jre/lib/rt.jar
7f5b29371000-7f5b29a67000 rw-p 00000000 00:00 0 
7f5b29a67000-7f5b29be7000 ---p 00000000 00:00 0 
7f5b29be7000-7f5b29de7000 rw-p 00000000 00:00 0 
7f5b29de7000-7f5b29de8000 ---p 00000000 00:00 0 
7f5b29de8000-7f5b29ee8000 rw-p 00000000 00:00 0                          [stack:20542]
7f5b29ee8000-7f5b29ee9000 ---p 00000000 00:00 0 
7f5b29ee9000-7f5b29ff9000 rw-p 00000000 00:00 0                          [stack:20541]
7f5b29ff9000-7f5b2a13f000 ---p 00000000 00:00 0 
7f5b2a13f000-7f5b2a14f000 rw-p 00000000 00:00 0 
7f5b2a14f000-7f5b2a294000 ---p 00000000 00:00 0 
7f5b2a294000-7f5b2a2a3000 rw-p 00000000 00:00 0 
7f5b2a2a3000-7f5b2a33f000 ---p 00000000 00:00 0 
7f5b2a33f000-7f5b2a358000 rw-p 00000000 00:00 0 
7f5b2a358000-7f5b2a700000 ---p 00000000 00:00 0 
7f5b2a700000-7f5b2a71a000 r-xp 00000000 08:02 797632                     /usr/lib/jvm/java-8-jdk/jre/lib/amd64/libzip.so
7f5b2a71a000-7f5b2a91a000 ---p 0001a000 08:02 797632                     /usr/lib/jvm/java-8-jdk/jre/lib/amd64/libzip.so
7f5b2a91a000-7f5b2a91b000 rw-p 0001a000 08:02 797632                     /usr/lib/jvm/java-8-jdk/jre/lib/amd64/libzip.so
7f5b2a920000-7f5b2a92b000 r-xp 00000000 08:02 527781                     /usr/lib/libnss_files-2.21.so
7f5b2a92b000-7f5b2ab2b000 ---p 0000b000 08:02 527781                     /usr/lib/libnss_files-2.21.so
7f5b2ab2b000-7f5b2ab2c000 r--p 0000b000 08:02 527781                     /usr/lib/libnss_files-2.21.so
7f5b2ab2c000-7f5b2ab2d000 rw-p 0000c000 08:02 527781                     /usr/lib/libnss_files-2.21.so
7f5b2ab30000-7f5b2ab5a000 r-xp 00000000 08:02 797687                     /usr/lib/jvm/java-8-jdk/jre/lib/amd64/libjava.so
7f5b2ab5a000-7f5b2ad5a000 ---p 0002a000 08:02 797687                     /usr/lib/jvm/java-8-jdk/jre/lib/amd64/libjava.so
7f5b2ad5a000-7f5b2ad5c000 rw-p 0002a000 08:02 797687                     /usr/lib/jvm/java-8-jdk/jre/lib/amd64/libjava.so
7f5b2ad60000-7f5b2ad6d000 r-xp 00000000 08:02 797688                     /usr/lib/jvm/java-8-jdk/jre/lib/amd64/libverify.so
7f5b2ad6d000-7f5b2af6d000 ---p 0000d000 08:02 797688                     /usr/lib/jvm/java-8-jdk/jre/lib/amd64/libverify.so
7f5b2af6d000-7f5b2af6f000 rw-p 0000d000 08:02 797688                     /usr/lib/jvm/java-8-jdk/jre/lib/amd64/libverify.so
7f5b2af70000-7f5b2af77000 r-xp 00000000 08:02 530849                     /usr/lib/librt-2.21.so
7f5b2af77000-7f5b2b176000 ---p 00007000 08:02 530849                     /usr/lib/librt-2.21.so
7f5b2b176000-7f5b2b177000 r--p 00006000 08:02 530849                     /usr/lib/librt-2.21.so
7f5b2b177000-7f5b2b178000 rw-p 00007000 08:02 530849                     /usr/lib/librt-2.21.so
7f5b2b178000-7f5b2b27b000 r-xp 00000000 08:02 560559                     /usr/lib/libm-2.21.so
7f5b2b27b000-7f5b2b47b000 ---p 00103000 08:02 560559                     /usr/lib/libm-2.21.so
7f5b2b47b000-7f5b2b47c000 r--p 00103000 08:02 560559                     /usr/lib/libm-2.21.so
7f5b2b47c000-7f5b2b47d000 rw-p 00104000 08:02 560559                     /usr/lib/libm-2.21.so
7f5b2b480000-7f5b2c12e000 r-xp 00000000 08:02 797692                     /usr/lib/jvm/java-8-jdk/jre/lib/amd64/server/libjvm.so
7f5b2c12e000-7f5b2c32d000 ---p 00cae000 08:02 797692                     /usr/lib/jvm/java-8-jdk/jre/lib/amd64/server/libjvm.so
7f5b2c32d000-7f5b2c404000 rw-p 00cad000 08:02 797692                     /usr/lib/jvm/java-8-jdk/jre/lib/amd64/server/libjvm.so
7f5b2c404000-7f5b2c448000 rw-p 00000000 00:00 0 
7f5b2c448000-7f5b2c5e1000 r-xp 00000000 08:02 527791                     /usr/lib/libc-2.21.so
7f5b2c5e1000-7f5b2c7e1000 ---p 00199000 08:02 527791                     /usr/lib/libc-2.21.so
7f5b2c7e1000-7f5b2c7e5000 r--p 00199000 08:02 527791                     /usr/lib/libc-2.21.so
7f5b2c7e5000-7f5b2c7e7000 rw-p 0019d000 08:02 527791                     /usr/lib/libc-2.21.so
7f5b2c7e7000-7f5b2c7eb000 rw-p 00000000 00:00 0 
7f5b2c7f0000-7f5b2c7f2000 r-xp 00000000 08:02 546936                     /usr/lib/libdl-2.21.so
7f5b2c7f2000-7f5b2c9f2000 ---p 00002000 08:02 546936                     /usr/lib/libdl-2.21.so
7f5b2c9f2000-7f5b2c9f3000 r--p 00002000 08:02 546936                     /usr/lib/libdl-2.21.so
7f5b2c9f3000-7f5b2c9f4000 rw-p 00003000 08:02 546936                     /usr/lib/libdl-2.21.so
7f5b2c9f8000-7f5b2ca0d000 r-xp 00000000 08:02 797694                     /usr/lib/jvm/java-8-jdk/jre/lib/amd64/jli/libjli.so
7f5b2ca0d000-7f5b2cc0d000 ---p 00015000 08:02 797694                     /usr/lib/jvm/java-8-jdk/jre/lib/amd64/jli/libjli.so
7f5b2cc0d000-7f5b2cc0e000 rw-p 00015000 08:02 797694                     /usr/lib/jvm/java-8-jdk/jre/lib/amd64/jli/libjli.so
7f5b2cc10000-7f5b2cc28000 r-xp 00000000 08:02 530816                     /usr/lib/libpthread-2.21.so
7f5b2cc28000-7f5b2ce27000 ---p 00018000 08:02 530816                     /usr/lib/libpthread-2.21.so
7f5b2ce27000-7f5b2ce28000 r--p 00017000 08:02 530816                     /usr/lib/libpthread-2.21.so
7f5b2ce28000-7f5b2ce29000 rw-p 00018000 08:02 530816                     /usr/lib/libpthread-2.21.so
7f5b2ce29000-7f5b2ce2d000 rw-p 00000000 00:00 0 
7f5b2ce30000-7f5b2ce52000 r-xp 00000000 08:02 551578                     /usr/lib/ld-2.21.so
7f5b2ce5a000-7f5b2cf40000 rw-p 00000000 00:00 0 
7f5b2cf40000-7f5b2cf48000 rw-s 00000000 00:20 8492432                    /tmp/hsperfdata_moat/20534
7f5b2cf4d000-7f5b2cf4f000 rw-p 00000000 00:00 0 
7f5b2cf4f000-7f5b2cf50000 ---p 00000000 00:00 0 
7f5b2cf50000-7f5b2cf53000 ---p 00000000 00:00 0 
7f5b2cf53000-7f5b2d051000 rw-p 00000000 00:00 0                          [stack:20540]
7f5b2d051000-7f5b2d052000 r--p 00021000 08:02 551578                     /usr/lib/ld-2.21.so
7f5b2d052000-7f5b2d053000 rw-p 00022000 08:02 551578                     /usr/lib/ld-2.21.so
7f5b2d053000-7f5b2d055000 rw-p 00000000 00:00 0 
7f5b2d055000-7f5b2d059000 rw-p 00000000 00:00 0 
7ffc2d57b000-7ffc2d59c000 rw-p 00000000 00:00 0                          [stack]
7ffc2d5a0000-7ffc2d5a2000 r--p 00000000 00:00 0                          [vvar]
7ffc2d5a2000-7ffc2d5a4000 r-xp 00000000 00:00 0                          [vdso]
ffffffffff600000-ffffffffff601000 r-xp 00000000 00:00 0                  [vsyscall]

VM Arguments:
jvm_args: -Xmx1024M -Dfile.encoding=UTF-8 -Duser.country=US -Duser.language=en -Duser.variant 
java_command: com.android.dx.command.Main --dex --output /home/moat/AndroidStudioProjects/age-of-mythology-android/app/build/intermediates/dex/debug /home/moat/AndroidStudioProjects/age-of-mythology-android/app/build/intermediates/classes/debug /home/moat/AndroidStudioProjects/age-of-mythology-android/app/build/intermediates/pre-dexed/debug/support-annotations-21.0.3-e5466e4fa09335beb1396c9e0a44bcc52e4b815c.jar /home/moat/AndroidStudioProjects/age-of-mythology-android/app/build/intermediates/pre-dexed/debug/internal_impl-21.0.3-9ed6a121d05bf7c84047e932743d56bd0e08c5a7.jar /home/moat/AndroidStudioProjects/age-of-mythology-android/app/build/intermediates/pre-dexed/debug/classes-2a02d5fba40e38bba0d527ec12a8a078beae4652.jar /home/moat/AndroidStudioProjects/age-of-mythology-android/app/build/intermediates/pre-dexed/debug/classes-fca2eed360a4c294ca59139b9b6a4305a1a88189.jar
java_class_path (initial): /home/moat/Android/Sdk/build-tools/21.1.2/lib/dx.jar
Launcher Type: SUN_STANDARD

Environment Variables:
CLASSPATH=/opt/android-studio/bin/../lib/bootstrap.jar:/opt/android-studio/bin/../lib/extensions.jar:/opt/android-studio/bin/../lib/util.jar:/opt/android-studio/bin/../lib/jdom.jar:/opt/android-studio/bin/../lib/log4j.jar:/opt/android-studio/bin/../lib/trove4j.jar:/opt/android-studio/bin/../lib/jna.jar:/usr/lib/jvm/java-8-jdk/lib/tools.jar
PATH=/usr/local/sbin:/usr/local/bin:/usr/bin:/opt/android-sdk/platform-tools:/opt/android-sdk/tools:/usr/share/java/gradle/bin:/usr/lib/jvm/default/bin:/usr/bin/site_perl:/usr/bin/vendor_perl:/usr/bin/core_perl
LD_LIBRARY_PATH=/opt/android-studio/bin:
SHELL=/bin/bash
DISPLAY=:0

Signal Handlers:
SIGSEGV: [libjvm.so+0xaad1e0], sa_mask[0]=11111111011111111101111111111110, sa_flags=SA_RESTART|SA_SIGINFO
SIGBUS: [libjvm.so+0xaad1e0], sa_mask[0]=11111111011111111101111111111110, sa_flags=SA_RESTART|SA_SIGINFO
SIGFPE: [libjvm.so+0x90b450], sa_mask[0]=11111111011111111101111111111110, sa_flags=SA_RESTART|SA_SIGINFO
SIGPIPE: [libjvm.so+0x90b450], sa_mask[0]=11111111011111111101111111111110, sa_flags=SA_RESTART|SA_SIGINFO
SIGXFSZ: [libjvm.so+0x90b450], sa_mask[0]=11111111011111111101111111111110, sa_flags=SA_RESTART|SA_SIGINFO
SIGILL: [libjvm.so+0x90b450], sa_mask[0]=11111111011111111101111111111110, sa_flags=SA_RESTART|SA_SIGINFO
SIGUSR1: SIG_DFL, sa_mask[0]=00000000000000000000000000000000, sa_flags=none
SIGUSR2: [libjvm.so+0x90ca90], sa_mask[0]=00100000000000000000000000000000, sa_flags=SA_RESTART|SA_SIGINFO
SIGHUP: [libjvm.so+0x90dde0], sa_mask[0]=11111111011111111101111111111110, sa_flags=SA_RESTART|SA_SIGINFO
SIGINT: [libjvm.so+0x90dde0], sa_mask[0]=11111111011111111101111111111110, sa_flags=SA_RESTART|SA_SIGINFO
SIGTERM: [libjvm.so+0x90dde0], sa_mask[0]=11111111011111111101111111111110, sa_flags=SA_RESTART|SA_SIGINFO
SIGQUIT: [libjvm.so+0x90dde0], sa_mask[0]=11111111011111111101111111111110, sa_flags=SA_RESTART|SA_SIGINFO


---------------  S Y S T E M  ---------------

OS:NAME="Arch Linux"
ID=arch
PRETTY_NAME="Arch Linux"
ANSI_COLOR="0;36"
HOME_URL="https://www.archlinux.org/"
SUPPORT_URL="https://bbs.archlinux.org/"
BUG_REPORT_URL="https://bugs.archlinux.org/"


uname:Linux 3.19.3-3-ARCH #1 SMP PREEMPT Wed Apr 8 14:10:00 CEST 2015 x86_64
libc:glibc 2.21 NPTL 2.21 
rlimit: STACK 8192k, CORE 0k, NPROC 11879, NOFILE 4096, AS infinity
load average:4.57 1.51 1.01

/proc/meminfo:
MemTotal:        3107048 kB
MemFree:          101096 kB
MemAvailable:      35928 kB
Buffers:             360 kB
Cached:            49920 kB
SwapCached:            0 kB
Active:          1713140 kB
Inactive:          37428 kB
Active(anon):    1708324 kB
Inactive(anon):    30304 kB
Active(file):       4816 kB
Inactive(file):     7124 kB
Unevictable:       15672 kB
Mlocked:           15676 kB
SwapTotal:             0 kB
SwapFree:              0 kB
Dirty:                32 kB
Writeback:          1056 kB
AnonPages:       1716020 kB
Mapped:           842180 kB
Shmem:             32040 kB
Slab:              62080 kB
SReclaimable:      26652 kB
SUnreclaim:        35428 kB
KernelStack:        5408 kB
PageTables:        17608 kB
NFS_Unstable:          0 kB
Bounce:                0 kB
WritebackTmp:          0 kB
CommitLimit:     1553524 kB
Committed_AS:    3576528 kB
VmallocTotal:   34359738367 kB
VmallocUsed:      109168 kB
VmallocChunk:   34359625724 kB
HardwareCorrupted:     0 kB
AnonHugePages:    370688 kB
HugePages_Total:       0
HugePages_Free:        0
HugePages_Rsvd:        0
HugePages_Surp:        0
Hugepagesize:       2048 kB
DirectMap4k:     2585744 kB
DirectMap2M:      716800 kB
DirectMap1G:           0 kB


CPU:total 2 (2 cores per cpu, 1 threads per core) family 21 model 19 stepping 1, cmov, cx8, fxsr, mmx, sse, sse2, sse3, ssse3, sse4.1, sse4.2, popcnt, avx, aes, clmul, mmxext, 3dnowpref, lzcnt, sse4a, tsc, tscinvbit, tscinv, bmi1

/proc/cpuinfo:
processor	: 0
vendor_id	: AuthenticAMD
cpu family	: 21
model		: 19
model name	: AMD A6-5350M APU with Radeon(tm) HD Graphics
stepping	: 1
microcode	: 0x6001119
cpu MHz		: 1400.000
cache size	: 1024 KB
physical id	: 0
siblings	: 2
core id		: 0
cpu cores	: 1
apicid		: 16
initial apicid	: 0
fpu		: yes
fpu_exception	: yes
cpuid level	: 13
wp		: yes
flags		: fpu vme de pse tsc msr pae mce cx8 apic sep mtrr pge mca cmov pat pse36 clflush mmx fxsr sse sse2 ht syscall nx mmxext fxsr_opt pdpe1gb rdtscp lm constant_tsc rep_good nopl nonstop_tsc extd_apicid aperfmperf pni pclmulqdq monitor ssse3 fma cx16 sse4_1 sse4_2 popcnt aes xsave avx f16c lahf_lm cmp_legacy svm extapic cr8_legacy abm sse4a misalignsse 3dnowprefetch osvw ibs xop skinit wdt lwp fma4 tce nodeid_msr tbm topoext perfctr_core perfctr_nb arat cpb hw_pstate npt lbrv svm_lock nrip_save tsc_scale vmcb_clean flushbyasid decodeassists pausefilter pfthreshold vmmcall bmi1
bugs		: fxsave_leak
bogomips	: 5791.80
TLB size	: 1536 4K pages
clflush size	: 64
cache_alignment	: 64
address sizes	: 48 bits physical, 48 bits virtual
power management: ts ttp tm 100mhzsteps hwpstate cpb eff_freq_ro

processor	: 1
vendor_id	: AuthenticAMD
cpu family	: 21
model		: 19
model name	: AMD A6-5350M APU with Radeon(tm) HD Graphics   
stepping	: 1
microcode	: 0x6001119
cpu MHz		: 1400.000
cache size	: 1024 KB
physical id	: 0
siblings	: 2
core id		: 1
cpu cores	: 1
apicid		: 17
initial apicid	: 1
fpu		: yes
fpu_exception	: yes
cpuid level	: 13
wp		: yes
flags		: fpu vme de pse tsc msr pae mce cx8 apic sep mtrr pge mca cmov pat pse36 clflush mmx fxsr sse sse2 ht syscall nx mmxext fxsr_opt pdpe1gb rdtscp lm constant_tsc rep_good nopl nonstop_tsc extd_apicid aperfmperf pni pclmulqdq monitor ssse3 fma cx16 sse4_1 sse4_2 popcnt aes xsave avx f16c lahf_lm cmp_legacy svm extapic cr8_legacy abm sse4a misalignsse 3dnowprefetch osvw ibs xop skinit wdt lwp fma4 tce nodeid_msr tbm topoext perfctr_core perfctr_nb arat cpb hw_pstate npt lbrv svm_lock nrip_save tsc_scale vmcb_clean flushbyasid decodeassists pausefilter pfthreshold vmmcall bmi1
bugs		: fxsave_leak
bogomips	: 5791.80
TLB size	: 1536 4K pages
clflush size	: 64
cache_alignment	: 64
address sizes	: 48 bits physical, 48 bits virtual
power management: ts ttp tm 100mhzsteps hwpstate cpb eff_freq_ro



Memory: 4k page, physical 3107048k(101096k free), swap 0k(0k free)

vm_info: Java HotSpot(TM) 64-Bit Server VM (25.45-b02) for linux-amd64 JRE (1.8.0_45-b14), built on Apr 10 2015 10:07:45 by "java_re" with gcc 4.3.0 20080428 (Red Hat 4.3.0-8)

time: Thu Apr 30 11:25:29 2015
elapsed time: 23 seconds (0d 0h 0m 23s)

