#
# There is insufficient memory for the Java Runtime Environment to continue.
# Native memory allocation (mmap) failed to map 32505856 bytes for committing reserved memory.
# Possible reasons:
#   The system is out of physical RAM or swap space
#   In 32 bit mode, the process size limit was hit
# Possible solutions:
#   Reduce memory load on the system
#   Increase physical memory or swap space
#   Check if swap backing store is full
#   Use 64 bit Java on a 64 bit OS
#   Decrease Java heap size (-Xmx/-Xms)
#   Decrease number of Java threads
#   Decrease Java thread stack sizes (-Xss)
#   Set larger code cache with -XX:ReservedCodeCacheSize=
# This output file may be truncated or incomplete.
#
#  Out of Memory Error (os_linux.cpp:2673), pid=2579, tid=140312511997696
#
# JRE version: Java(TM) SE Runtime Environment (8.0_45-b14) (build 1.8.0_45-b14)
# Java VM: Java HotSpot(TM) 64-Bit Server VM (25.45-b02 mixed mode linux-amd64 compressed oops)
# Failed to write core dump. Core dumps have been disabled. To enable core dumping, try "ulimit -c unlimited" before starting Java again
#

---------------  T H R E A D  ---------------

Current thread (0x00007f9d24072800):  VMThread [stack: 0x00007f9d0d5f6000,0x00007f9d0d6f7000] [id=2587]

Stack: [0x00007f9d0d5f6000,0x00007f9d0d6f7000],  sp=0x00007f9d0d6f52a0,  free space=1020k
Native frames: (J=compiled Java code, j=interpreted, Vv=VM code, C=native code)
V  [libjvm.so+0xaac99a]  VMError::report_and_die()+0x2ba
V  [libjvm.so+0x4f333b]  report_vm_out_of_memory(char const*, int, unsigned long, VMErrorType, char const*)+0x8b
V  [libjvm.so+0x90e7c3]  os::Linux::commit_memory_impl(char*, unsigned long, bool)+0x103
V  [libjvm.so+0x90ed19]  os::pd_commit_memory(char*, unsigned long, unsigned long, bool)+0x29
V  [libjvm.so+0x90867a]  os::commit_memory(char*, unsigned long, unsigned long, bool)+0x2a
V  [libjvm.so+0x97bac3]  PSVirtualSpace::expand_by(unsigned long)+0x53
V  [libjvm.so+0x97cec8]  PSYoungGen::resize_generation(unsigned long, unsigned long)+0xf8
V  [libjvm.so+0x97c022]  PSYoungGen::resize(unsigned long, unsigned long)+0x22
V  [libjvm.so+0x9792fb]  PSScavenge::invoke_no_policy()+0xf7b
V  [libjvm.so+0x979a81]  PSScavenge::invoke()+0x41
V  [libjvm.so+0x932050]  ParallelScavengeHeap::failed_mem_allocate(unsigned long)+0x70
V  [libjvm.so+0xaae1d7]  VM_ParallelGCFailedAllocation::doit()+0x97
V  [libjvm.so+0xab59c5]  VM_Operation::evaluate()+0x55
V  [libjvm.so+0xab3d9a]  VMThread::evaluate_operation(VM_Operation*)+0xba
V  [libjvm.so+0xab411e]  VMThread::loop()+0x1ce
V  [libjvm.so+0xab4590]  VMThread::run()+0x70
V  [libjvm.so+0x910de8]  java_start(Thread*)+0x108

VM_Operation (0x00007f9d2afb64f0): ParallelGCFailedAllocation, mode: safepoint, requested by thread 0x00007f9d24009000


---------------  P R O C E S S  ---------------

Java Threads: ( => current thread )
  0x00007f9d240bb000 JavaThread "Service Thread" daemon [_thread_blocked, id=2594, stack(0x00007f9d0ce64000,0x00007f9d0cf65000)]
  0x00007f9d240b6000 JavaThread "C1 CompilerThread1" daemon [_thread_blocked, id=2593, stack(0x00007f9d0cf65000,0x00007f9d0d066000)]
  0x00007f9d240b3000 JavaThread "C2 CompilerThread0" daemon [_thread_in_native, id=2592, stack(0x00007f9d0d066000,0x00007f9d0d167000)]
  0x00007f9d240b2000 JavaThread "Signal Dispatcher" daemon [_thread_blocked, id=2591, stack(0x00007f9d0d167000,0x00007f9d0d268000)]
  0x00007f9d24079800 JavaThread "Finalizer" daemon [_thread_blocked, id=2589, stack(0x00007f9d0d3f4000,0x00007f9d0d4f5000)]
  0x00007f9d24077800 JavaThread "Reference Handler" daemon [_thread_blocked, id=2588, stack(0x00007f9d0d4f5000,0x00007f9d0d5f6000)]
  0x00007f9d24009000 JavaThread "main" [_thread_blocked, id=2584, stack(0x00007f9d2aeb8000,0x00007f9d2afb9000)]

Other Threads:
=>0x00007f9d24072800 VMThread [stack: 0x00007f9d0d5f6000,0x00007f9d0d6f7000] [id=2587]
  0x00007f9d240bd800 WatcherThread [stack: 0x00007f9d0cd63000,0x00007f9d0ce64000] [id=2595]

VM state:at safepoint (normal execution)

VM Mutex/Monitor currently owned by a thread:  ([mutex/lock_event])
[0x00007f9d240068e0] Threads_lock - owner thread: 0x00007f9d24072800
[0x00007f9d24006de0] Heap_lock - owner thread: 0x00007f9d24009000

Heap:
 PSYoungGen      total 26624K, used 2048K [0x00000000eab00000, 0x00000000ec700000, 0x0000000100000000)
  eden space 24576K, 0% used [0x00000000eab00000,0x00000000eab00000,0x00000000ec300000)
  from space 2048K, 100% used [0x00000000ec300000,0x00000000ec500000,0x00000000ec500000)
  to   space 2048K, 0% used [0x00000000ec500000,0x00000000ec500000,0x00000000ec700000)
 ParOldGen       total 32768K, used 11565K [0x00000000c0000000, 0x00000000c2000000, 0x00000000eab00000)
  object space 32768K, 35% used [0x00000000c0000000,0x00000000c0b4b670,0x00000000c2000000)
 Metaspace       used 5718K, capacity 7024K, committed 7296K, reserved 1056768K
  class space    used 545K, capacity 616K, committed 640K, reserved 1048576K

Card table byte_map: [0x00007f9d280a7000,0x00007f9d282a8000] byte_map_base: 0x00007f9d27aa7000

Marking Bits: (ParMarkBitMap*) 0x00007f9d2a385760
 Begin Bits: [0x00007f9d0e000000, 0x00007f9d0f000000)
 End Bits:   [0x00007f9d0f000000, 0x00007f9d10000000)

Polling page: 0x00007f9d2aeb7000

CodeCache: size=245760Kb used=5802Kb max_used=5802Kb free=239957Kb
 bounds [0x00007f9d15000000, 0x00007f9d155b0000, 0x00007f9d24000000]
 total_blobs=1716 nmethods=1453 adapters=178
 compilation: enabled

Compilation events (10 events):
Event: 7.158 Thread 0x00007f9d240b6000 1459       2       java.util.TreeMap::containsKey (14 bytes)
Event: 7.158 Thread 0x00007f9d240b6000 nmethod 1459 0x00007f9d155ad710 code [0x00007f9d155ad880, 0x00007f9d155ada08]
Event: 7.175 Thread 0x00007f9d240b6000 1461       2       java.util.Collections::unmodifiableCollection (9 bytes)
Event: 7.176 Thread 0x00007f9d240b6000 nmethod 1461 0x00007f9d155ada90 code [0x00007f9d155adc00, 0x00007f9d155ade48]
Event: 7.192 Thread 0x00007f9d240b6000 1462       2       java.util.TreeMap$EntryIterator::next (5 bytes)
Event: 7.193 Thread 0x00007f9d240b6000 nmethod 1462 0x00007f9d155adf50 code [0x00007f9d155ae0c0, 0x00007f9d155ae228]
Event: 7.200 Thread 0x00007f9d240b6000 1463       2       com.android.dx.rop.code.Rops::opReturn (89 bytes)
Event: 7.201 Thread 0x00007f9d240b6000 nmethod 1463 0x00007f9d155ae2d0 code [0x00007f9d155ae4a0, 0x00007f9d155ae998]
Event: 7.202 Thread 0x00007f9d240b6000 1464       2       com.android.dx.rop.cst.StdConstantPool::size (6 bytes)
Event: 7.203 Thread 0x00007f9d240b6000 nmethod 1464 0x00007f9d155aec90 code [0x00007f9d155aede0, 0x00007f9d155aef30]

GC Heap History (9 events):
Event: 3.455 GC heap before
{Heap before GC invocations=1 (full 0):
 PSYoungGen      total 14336K, used 12288K [0x00000000eab00000, 0x00000000ebb00000, 0x0000000100000000)
  eden space 12288K, 100% used [0x00000000eab00000,0x00000000eb700000,0x00000000eb700000)
  from space 2048K, 0% used [0x00000000eb900000,0x00000000eb900000,0x00000000ebb00000)
  to   space 2048K, 0% used [0x00000000eb700000,0x00000000eb700000,0x00000000eb900000)
 ParOldGen       total 32768K, used 0K [0x00000000c0000000, 0x00000000c2000000, 0x00000000eab00000)
  object space 32768K, 0% used [0x00000000c0000000,0x00000000c0000000,0x00000000c2000000)
 Metaspace       used 5296K, capacity 6704K, committed 6784K, reserved 1056768K
  class space    used 540K, capacity 616K, committed 640K, reserved 1048576K
Event: 3.465 GC heap after
Heap after GC invocations=1 (full 0):
 PSYoungGen      total 14336K, used 2016K [0x00000000eab00000, 0x00000000ebb00000, 0x0000000100000000)
  eden space 12288K, 0% used [0x00000000eab00000,0x00000000eab00000,0x00000000eb700000)
  from space 2048K, 98% used [0x00000000eb700000,0x00000000eb8f8038,0x00000000eb900000)
  to   space 2048K, 0% used [0x00000000eb900000,0x00000000eb900000,0x00000000ebb00000)
 ParOldGen       total 32768K, used 1820K [0x00000000c0000000, 0x00000000c2000000, 0x00000000eab00000)
  object space 32768K, 5% used [0x00000000c0000000,0x00000000c01c7368,0x00000000c2000000)
 Metaspace       used 5296K, capacity 6704K, committed 6784K, reserved 1056768K
  class space    used 540K, capacity 616K, committed 640K, reserved 1048576K
}
Event: 4.018 GC heap before
{Heap before GC invocations=2 (full 0):
 PSYoungGen      total 14336K, used 14304K [0x00000000eab00000, 0x00000000ebb00000, 0x0000000100000000)
  eden space 12288K, 100% used [0x00000000eab00000,0x00000000eb700000,0x00000000eb700000)
  from space 2048K, 98% used [0x00000000eb700000,0x00000000eb8f8038,0x00000000eb900000)
  to   space 2048K, 0% used [0x00000000eb900000,0x00000000eb900000,0x00000000ebb00000)
 ParOldGen       total 32768K, used 1820K [0x00000000c0000000, 0x00000000c2000000, 0x00000000eab00000)
  object space 32768K, 5% used [0x00000000c0000000,0x00000000c01c7368,0x00000000c2000000)
 Metaspace       used 5542K, capacity 6832K, committed 7040K, reserved 1056768K
  class space    used 545K, capacity 616K, committed 640K, reserved 1048576K
Event: 4.047 GC heap after
Heap after GC invocations=2 (full 0):
 PSYoungGen      total 14336K, used 2048K [0x00000000eab00000, 0x00000000ec700000, 0x0000000100000000)
  eden space 12288K, 0% used [0x00000000eab00000,0x00000000eab00000,0x00000000eb700000)
  from space 2048K, 100% used [0x00000000eb900000,0x00000000ebb00000,0x00000000ebb00000)
  to   space 2048K, 0% used [0x00000000eb700000,0x00000000eb700000,0x00000000eb900000)
 ParOldGen       total 32768K, used 3881K [0x00000000c0000000, 0x00000000c2000000, 0x00000000eab00000)
  object space 32768K, 11% used [0x00000000c0000000,0x00000000c03ca650,0x00000000c2000000)
 Metaspace       used 5542K, capacity 6832K, committed 7040K, reserved 1056768K
  class space    used 545K, capacity 616K, committed 640K, reserved 1048576K
}
Event: 4.426 GC heap before
{Heap before GC invocations=3 (full 0):
 PSYoungGen      total 14336K, used 14336K [0x00000000eab00000, 0x00000000ec700000, 0x0000000100000000)
  eden space 12288K, 100% used [0x00000000eab00000,0x00000000eb700000,0x00000000eb700000)
  from space 2048K, 100% used [0x00000000eb900000,0x00000000ebb00000,0x00000000ebb00000)
  to   space 2048K, 0% used [0x00000000eb700000,0x00000000eb700000,0x00000000eb900000)
 ParOldGen       total 32768K, used 3881K [0x00000000c0000000, 0x00000000c2000000, 0x00000000eab00000)
  object space 32768K, 11% used [0x00000000c0000000,0x00000000c03ca650,0x00000000c2000000)
 Metaspace       used 5634K, capacity 6960K, committed 7040K, reserved 1056768K
  class space    used 545K, capacity 616K, committed 640K, reserved 1048576K
Event: 4.465 GC heap after
Heap after GC invocations=3 (full 0):
 PSYoungGen      total 14336K, used 2048K [0x00000000eab00000, 0x00000000ec700000, 0x0000000100000000)
  eden space 12288K, 0% used [0x00000000eab00000,0x00000000eab00000,0x00000000eb700000)
  from space 2048K, 100% used [0x00000000eb700000,0x00000000eb900000,0x00000000eb900000)
  to   space 2048K, 0% used [0x00000000ec500000,0x00000000ec500000,0x00000000ec700000)
 ParOldGen       total 32768K, used 5930K [0x00000000c0000000, 0x00000000c2000000, 0x00000000eab00000)
  object space 32768K, 18% used [0x00000000c0000000,0x00000000c05cab70,0x00000000c2000000)
 Metaspace       used 5634K, capacity 6960K, committed 7040K, reserved 1056768K
  class space    used 545K, capacity 616K, committed 640K, reserved 1048576K
}
Event: 6.205 GC heap before
{Heap before GC invocations=4 (full 0):
 PSYoungGen      total 14336K, used 14336K [0x00000000eab00000, 0x00000000ec700000, 0x0000000100000000)
  eden space 12288K, 100% used [0x00000000eab00000,0x00000000eb700000,0x00000000eb700000)
  from space 2048K, 100% used [0x00000000eb700000,0x00000000eb900000,0x00000000eb900000)
  to   space 2048K, 0% used [0x00000000ec500000,0x00000000ec500000,0x00000000ec700000)
 ParOldGen       total 32768K, used 5930K [0x00000000c0000000, 0x00000000c2000000, 0x00000000eab00000)
  object space 32768K, 18% used [0x00000000c0000000,0x00000000c05cab70,0x00000000c2000000)
 Metaspace       used 5683K, capacity 6960K, committed 7040K, reserved 1056768K
  class space    used 545K, capacity 616K, committed 640K, reserved 1048576K
Event: 6.291 GC heap after
Heap after GC invocations=4 (full 0):
 PSYoungGen      total 26624K, used 2048K [0x00000000eab00000, 0x00000000ec700000, 0x0000000100000000)
  eden space 24576K, 0% used [0x00000000eab00000,0x00000000eab00000,0x00000000ec300000)
  from space 2048K, 100% used [0x00000000ec500000,0x00000000ec700000,0x00000000ec700000)
  to   space 2048K, 0% used [0x00000000ec300000,0x00000000ec300000,0x00000000ec500000)
 ParOldGen       total 32768K, used 7898K [0x00000000c0000000, 0x00000000c2000000, 0x00000000eab00000)
  object space 32768K, 24% used [0x00000000c0000000,0x00000000c07b6b90,0x00000000c2000000)
 Metaspace       used 5683K, capacity 6960K, committed 7040K, reserved 1056768K
  class space    used 545K, capacity 616K, committed 640K, reserved 1048576K
}
Event: 7.209 GC heap before
{Heap before GC invocations=5 (full 0):
 PSYoungGen      total 26624K, used 26624K [0x00000000eab00000, 0x00000000ec700000, 0x0000000100000000)
  eden space 24576K, 100% used [0x00000000eab00000,0x00000000ec300000,0x00000000ec300000)
  from space 2048K, 100% used [0x00000000ec500000,0x00000000ec700000,0x00000000ec700000)
  to   space 2048K, 0% used [0x00000000ec300000,0x00000000ec300000,0x00000000ec500000)
 ParOldGen       total 32768K, used 7898K [0x00000000c0000000, 0x00000000c2000000, 0x00000000eab00000)
  object space 32768K, 24% used [0x00000000c0000000,0x00000000c07b6b90,0x00000000c2000000)
 Metaspace       used 5718K, capacity 7024K, committed 7296K, reserved 1056768K
  class space    used 545K, capacity 616K, committed 640K, reserved 1048576K

Deoptimization events (7 events):
Event: 2.756 Thread 0x00007f9d24009000 Uncommon trap: reason=unstable_if action=reinterpret pc=0x00007f9d1514d044 method=java.lang.String.indexOf(II)I @ 49
Event: 3.089 Thread 0x00007f9d24009000 Uncommon trap: reason=unstable_if action=reinterpret pc=0x00007f9d151be664 method=com.android.dx.rop.cst.CstFieldRef.compareTo0(Lcom/android/dx/rop/cst/Constant;)I @ 7
Event: 3.289 Thread 0x00007f9d24009000 Uncommon trap: reason=unstable_if action=reinterpret pc=0x00007f9d1523d384 method=java.util.HashMap.getNode(ILjava/lang/Object;)Ljava/util/HashMap$Node; @ 129
Event: 3.842 Thread 0x00007f9d24009000 Uncommon trap: reason=class_check action=maybe_recompile pc=0x00007f9d153977b0 method=com.android.dx.rop.type.Type.equals(Ljava/lang/Object;)Z @ 8
Event: 3.845 Thread 0x00007f9d24009000 Uncommon trap: reason=class_check action=maybe_recompile pc=0x00007f9d153977b0 method=com.android.dx.rop.type.Type.equals(Ljava/lang/Object;)Z @ 8
Event: 4.168 Thread 0x00007f9d24009000 Uncommon trap: reason=class_check action=maybe_recompile pc=0x00007f9d153977b0 method=com.android.dx.rop.type.Type.equals(Ljava/lang/Object;)Z @ 8
Event: 4.168 Thread 0x00007f9d24009000 Uncommon trap: reason=class_check action=maybe_recompile pc=0x00007f9d153977b0 method=com.android.dx.rop.type.Type.equals(Ljava/lang/Object;)Z @ 8

Internal exceptions (2 events):
Event: 1.724 Thread 0x00007f9d24009000 Exception <a 'java/lang/NoSuchMethodError': Method sun.misc.Unsafe.defineClass(Ljava/lang/String;[BII)Ljava/lang/Class; name or signature does not match> (0x00000000eab129a0) thrown at [/RE-WORK/workspace/8-2-build-linux-amd64/jdk8u45/3457/hotspot/src/sha
Event: 1.724 Thread 0x00007f9d24009000 Exception <a 'java/lang/NoSuchMethodError': Method sun.misc.Unsafe.prefetchRead(Ljava/lang/Object;J)V name or signature does not match> (0x00000000eab12c30) thrown at [/RE-WORK/workspace/8-2-build-linux-amd64/jdk8u45/3457/hotspot/src/share/vm/prims/jni.cp

Events (10 events):
Event: 4.168 Thread 0x00007f9d24009000 DEOPT PACKING pc=0x00007f9d153977b0 sp=0x00007f9d2afb5bd0
Event: 4.168 Thread 0x00007f9d24009000 DEOPT UNPACKING pc=0x00007f9d15005229 sp=0x00007f9d2afb5b88 mode 2
Event: 4.168 Thread 0x00007f9d24009000 Uncommon trap: trap_request=0xffffffde fr.pc=0x00007f9d153977b0
Event: 4.168 Thread 0x00007f9d24009000 DEOPT PACKING pc=0x00007f9d153977b0 sp=0x00007f9d2afb5a30
Event: 4.168 Thread 0x00007f9d24009000 DEOPT UNPACKING pc=0x00007f9d15005229 sp=0x00007f9d2afb59e8 mode 2
Event: 4.426 Executing VM operation: ParallelGCFailedAllocation
Event: 4.465 Executing VM operation: ParallelGCFailedAllocation done
Event: 6.205 Executing VM operation: ParallelGCFailedAllocation
Event: 6.291 Executing VM operation: ParallelGCFailedAllocation done
Event: 7.209 Executing VM operation: ParallelGCFailedAllocation


Dynamic libraries:
00400000-00401000 r-xp 00000000 08:02 797293                             /usr/lib/jvm/java-8-jdk/jre/bin/java
00600000-00601000 rw-p 00000000 08:02 797293                             /usr/lib/jvm/java-8-jdk/jre/bin/java
01dd4000-01df5000 rw-p 00000000 00:00 0                                  [heap]
c0000000-c2000000 rw-p 00000000 00:00 0 
c2000000-eab00000 ---p 00000000 00:00 0 
eab00000-ec700000 rw-p 00000000 00:00 0 
ee600000-100000000 ---p 00000000 00:00 0 
100000000-1000a0000 rw-p 00000000 00:00 0 
1000a0000-140000000 ---p 00000000 00:00 0 
7f9ce4000000-7f9ce4021000 rw-p 00000000 00:00 0 
7f9ce4021000-7f9ce8000000 ---p 00000000 00:00 0 
7f9cec000000-7f9cec70f000 rw-p 00000000 00:00 0 
7f9cec70f000-7f9cf0000000 ---p 00000000 00:00 0 
7f9cf0000000-7f9cf0021000 rw-p 00000000 00:00 0 
7f9cf0021000-7f9cf4000000 ---p 00000000 00:00 0 
7f9cf4000000-7f9cf4021000 rw-p 00000000 00:00 0 
7f9cf4021000-7f9cf8000000 ---p 00000000 00:00 0 
7f9cf8000000-7f9cf8d8b000 rw-p 00000000 00:00 0 
7f9cf8d8b000-7f9cfc000000 ---p 00000000 00:00 0 
7f9cfc000000-7f9cfc021000 rw-p 00000000 00:00 0 
7f9cfc021000-7f9d00000000 ---p 00000000 00:00 0 
7f9d00000000-7f9d00021000 rw-p 00000000 00:00 0 
7f9d00021000-7f9d04000000 ---p 00000000 00:00 0 
7f9d04000000-7f9d0428a000 rw-p 00000000 00:00 0 
7f9d0428a000-7f9d08000000 ---p 00000000 00:00 0 
7f9d08000000-7f9d08021000 rw-p 00000000 00:00 0 
7f9d08021000-7f9d0c000000 ---p 00000000 00:00 0 
7f9d0cd63000-7f9d0cd64000 ---p 00000000 00:00 0 
7f9d0cd64000-7f9d0ce64000 rw-p 00000000 00:00 0                          [stack:2595]
7f9d0ce64000-7f9d0ce67000 ---p 00000000 00:00 0 
7f9d0ce67000-7f9d0cf65000 rw-p 00000000 00:00 0                          [stack:2594]
7f9d0cf65000-7f9d0cf68000 ---p 00000000 00:00 0 
7f9d0cf68000-7f9d0d066000 rw-p 00000000 00:00 0                          [stack:2593]
7f9d0d066000-7f9d0d069000 ---p 00000000 00:00 0 
7f9d0d069000-7f9d0d167000 rw-p 00000000 00:00 0                          [stack:2592]
7f9d0d167000-7f9d0d16a000 ---p 00000000 00:00 0 
7f9d0d16a000-7f9d0d268000 rw-p 00000000 00:00 0                          [stack:2591]
7f9d0d268000-7f9d0d3f1000 r--p 00000000 08:02 569455                     /usr/lib/locale/locale-archive
7f9d0d3f4000-7f9d0d3f7000 ---p 00000000 00:00 0 
7f9d0d3f7000-7f9d0d4f5000 rw-p 00000000 00:00 0                          [stack:2589]
7f9d0d4f5000-7f9d0d4f8000 ---p 00000000 00:00 0 
7f9d0d4f8000-7f9d0d5f6000 rw-p 00000000 00:00 0                          [stack:2588]
7f9d0d5f6000-7f9d0d5f7000 ---p 00000000 00:00 0 
7f9d0d5f7000-7f9d10000000 rw-p 00000000 00:00 0                          [stack:2587]
7f9d10000000-7f9d10021000 rw-p 00000000 00:00 0 
7f9d10021000-7f9d14000000 ---p 00000000 00:00 0 
7f9d14075000-7f9d14084000 r--s 000dd000 08:03 11667105                   /home/moat/Android/Sdk/build-tools/21.1.2/lib/dx.jar
7f9d14087000-7f9d140c9000 rw-p 00000000 00:00 0 
7f9d140c9000-7f9d142a2000 r--s 03d09000 08:02 797593                     /usr/lib/jvm/java-8-jdk/jre/lib/rt.jar
7f9d142a8000-7f9d14928000 rw-p 00000000 00:00 0 
7f9d14928000-7f9d14aa8000 ---p 00000000 00:00 0 
7f9d14aa8000-7f9d14ca8000 rw-p 00000000 00:00 0 
7f9d14ca8000-7f9d14ca9000 ---p 00000000 00:00 0 
7f9d14ca9000-7f9d14da9000 rw-p 00000000 00:00 0                          [stack:2586]
7f9d14da9000-7f9d14daa000 ---p 00000000 00:00 0 
7f9d14daa000-7f9d14eba000 rw-p 00000000 00:00 0                          [stack:2585]
7f9d14eba000-7f9d15000000 ---p 00000000 00:00 0 
7f9d15000000-7f9d155b0000 rwxp 00000000 00:00 0 
7f9d155b0000-7f9d24000000 ---p 00000000 00:00 0 
7f9d24000000-7f9d2438c000 rw-p 00000000 00:00 0 
7f9d2438c000-7f9d28000000 ---p 00000000 00:00 0 
7f9d28010000-7f9d280b7000 rw-p 00000000 00:00 0 
7f9d280b7000-7f9d281fc000 ---p 00000000 00:00 0 
7f9d281fc000-7f9d2820b000 rw-p 00000000 00:00 0 
7f9d2820b000-7f9d282a7000 ---p 00000000 00:00 0 
7f9d282a7000-7f9d282bf000 rw-p 00000000 00:00 0 
7f9d282bf000-7f9d28668000 ---p 00000000 00:00 0 
7f9d28668000-7f9d28682000 r-xp 00000000 08:02 797632                     /usr/lib/jvm/java-8-jdk/jre/lib/amd64/libzip.so
7f9d28682000-7f9d28882000 ---p 0001a000 08:02 797632                     /usr/lib/jvm/java-8-jdk/jre/lib/amd64/libzip.so
7f9d28882000-7f9d28883000 rw-p 0001a000 08:02 797632                     /usr/lib/jvm/java-8-jdk/jre/lib/amd64/libzip.so
7f9d28888000-7f9d28893000 r-xp 00000000 08:02 527781                     /usr/lib/libnss_files-2.21.so
7f9d28893000-7f9d28a93000 ---p 0000b000 08:02 527781                     /usr/lib/libnss_files-2.21.so
7f9d28a93000-7f9d28a94000 r--p 0000b000 08:02 527781                     /usr/lib/libnss_files-2.21.so
7f9d28a94000-7f9d28a95000 rw-p 0000c000 08:02 527781                     /usr/lib/libnss_files-2.21.so
7f9d28a98000-7f9d28ac2000 r-xp 00000000 08:02 797687                     /usr/lib/jvm/java-8-jdk/jre/lib/amd64/libjava.so
7f9d28ac2000-7f9d28cc2000 ---p 0002a000 08:02 797687                     /usr/lib/jvm/java-8-jdk/jre/lib/amd64/libjava.so
7f9d28cc2000-7f9d28cc4000 rw-p 0002a000 08:02 797687                     /usr/lib/jvm/java-8-jdk/jre/lib/amd64/libjava.so
7f9d28cc8000-7f9d28cd5000 r-xp 00000000 08:02 797688                     /usr/lib/jvm/java-8-jdk/jre/lib/amd64/libverify.so
7f9d28cd5000-7f9d28ed5000 ---p 0000d000 08:02 797688                     /usr/lib/jvm/java-8-jdk/jre/lib/amd64/libverify.so
7f9d28ed5000-7f9d28ed7000 rw-p 0000d000 08:02 797688                     /usr/lib/jvm/java-8-jdk/jre/lib/amd64/libverify.so
7f9d28ed8000-7f9d28edf000 r-xp 00000000 08:02 530849                     /usr/lib/librt-2.21.so
7f9d28edf000-7f9d290de000 ---p 00007000 08:02 530849                     /usr/lib/librt-2.21.so
7f9d290de000-7f9d290df000 r--p 00006000 08:02 530849                     /usr/lib/librt-2.21.so
7f9d290df000-7f9d290e0000 rw-p 00007000 08:02 530849                     /usr/lib/librt-2.21.so
7f9d290e0000-7f9d291e3000 r-xp 00000000 08:02 560559                     /usr/lib/libm-2.21.so
7f9d291e3000-7f9d293e3000 ---p 00103000 08:02 560559                     /usr/lib/libm-2.21.so
7f9d293e3000-7f9d293e4000 r--p 00103000 08:02 560559                     /usr/lib/libm-2.21.so
7f9d293e4000-7f9d293e5000 rw-p 00104000 08:02 560559                     /usr/lib/libm-2.21.so
7f9d293e8000-7f9d2a096000 r-xp 00000000 08:02 797692                     /usr/lib/jvm/java-8-jdk/jre/lib/amd64/server/libjvm.so
7f9d2a096000-7f9d2a295000 ---p 00cae000 08:02 797692                     /usr/lib/jvm/java-8-jdk/jre/lib/amd64/server/libjvm.so
7f9d2a295000-7f9d2a36c000 rw-p 00cad000 08:02 797692                     /usr/lib/jvm/java-8-jdk/jre/lib/amd64/server/libjvm.so
7f9d2a36c000-7f9d2a3b0000 rw-p 00000000 00:00 0 
7f9d2a3b0000-7f9d2a549000 r-xp 00000000 08:02 527791                     /usr/lib/libc-2.21.so
7f9d2a549000-7f9d2a749000 ---p 00199000 08:02 527791                     /usr/lib/libc-2.21.so
7f9d2a749000-7f9d2a74d000 r--p 00199000 08:02 527791                     /usr/lib/libc-2.21.so
7f9d2a74d000-7f9d2a74f000 rw-p 0019d000 08:02 527791                     /usr/lib/libc-2.21.so
7f9d2a74f000-7f9d2a753000 rw-p 00000000 00:00 0 
7f9d2a758000-7f9d2a75a000 r-xp 00000000 08:02 546936                     /usr/lib/libdl-2.21.so
7f9d2a75a000-7f9d2a95a000 ---p 00002000 08:02 546936                     /usr/lib/libdl-2.21.so
7f9d2a95a000-7f9d2a95b000 r--p 00002000 08:02 546936                     /usr/lib/libdl-2.21.so
7f9d2a95b000-7f9d2a95c000 rw-p 00003000 08:02 546936                     /usr/lib/libdl-2.21.so
7f9d2a960000-7f9d2a975000 r-xp 00000000 08:02 797694                     /usr/lib/jvm/java-8-jdk/jre/lib/amd64/jli/libjli.so
7f9d2a975000-7f9d2ab75000 ---p 00015000 08:02 797694                     /usr/lib/jvm/java-8-jdk/jre/lib/amd64/jli/libjli.so
7f9d2ab75000-7f9d2ab76000 rw-p 00015000 08:02 797694                     /usr/lib/jvm/java-8-jdk/jre/lib/amd64/jli/libjli.so
7f9d2ab78000-7f9d2ab90000 r-xp 00000000 08:02 530816                     /usr/lib/libpthread-2.21.so
7f9d2ab90000-7f9d2ad8f000 ---p 00018000 08:02 530816                     /usr/lib/libpthread-2.21.so
7f9d2ad8f000-7f9d2ad90000 r--p 00017000 08:02 530816                     /usr/lib/libpthread-2.21.so
7f9d2ad90000-7f9d2ad91000 rw-p 00018000 08:02 530816                     /usr/lib/libpthread-2.21.so
7f9d2ad91000-7f9d2ad95000 rw-p 00000000 00:00 0 
7f9d2ad98000-7f9d2adba000 r-xp 00000000 08:02 551578                     /usr/lib/ld-2.21.so
7f9d2adc2000-7f9d2aea8000 rw-p 00000000 00:00 0 
7f9d2aea8000-7f9d2aeb0000 rw-s 00000000 00:1f 456626                     /tmp/hsperfdata_moat/2579
7f9d2aeb5000-7f9d2aeb7000 rw-p 00000000 00:00 0 
7f9d2aeb7000-7f9d2aeb8000 ---p 00000000 00:00 0 
7f9d2aeb8000-7f9d2aebb000 ---p 00000000 00:00 0 
7f9d2aebb000-7f9d2afb9000 rw-p 00000000 00:00 0                          [stack:2584]
7f9d2afb9000-7f9d2afba000 r--p 00021000 08:02 551578                     /usr/lib/ld-2.21.so
7f9d2afba000-7f9d2afbb000 rw-p 00022000 08:02 551578                     /usr/lib/ld-2.21.so
7f9d2afbb000-7f9d2afbd000 rw-p 00000000 00:00 0 
7f9d2afbd000-7f9d2afc1000 rw-p 00000000 00:00 0 
7ffd64806000-7ffd64827000 rw-p 00000000 00:00 0                          [stack]
7ffd64890000-7ffd64892000 r--p 00000000 00:00 0                          [vvar]
7ffd64892000-7ffd64894000 r-xp 00000000 00:00 0                          [vdso]
ffffffffff600000-ffffffffff601000 r-xp 00000000 00:00 0                  [vsyscall]

VM Arguments:
jvm_args: -Xmx1024M -Dfile.encoding=UTF-8 -Duser.country=US -Duser.language=en -Duser.variant 
java_command: com.android.dx.command.Main --dex --output /home/moat/AndroidStudioProjects/age-of-mythology-android/app/build/intermediates/dex/debug /home/moat/AndroidStudioProjects/age-of-mythology-android/app/build/intermediates/classes/debug /home/moat/AndroidStudioProjects/age-of-mythology-android/app/build/intermediates/pre-dexed/debug/support-annotations-21.0.3-e5466e4fa09335beb1396c9e0a44bcc52e4b815c.jar /home/moat/AndroidStudioProjects/age-of-mythology-android/app/build/intermediates/pre-dexed/debug/internal_impl-21.0.3-9ed6a121d05bf7c84047e932743d56bd0e08c5a7.jar /home/moat/AndroidStudioProjects/age-of-mythology-android/app/build/intermediates/pre-dexed/debug/classes-2a02d5fba40e38bba0d527ec12a8a078beae4652.jar /home/moat/AndroidStudioProjects/age-of-mythology-android/app/build/intermediates/pre-dexed/debug/classes-fca2eed360a4c294ca59139b9b6a4305a1a88189.jar
java_class_path (initial): /home/moat/Android/Sdk/build-tools/21.1.2/lib/dx.jar
Launcher Type: SUN_STANDARD

Environment Variables:
CLASSPATH=/opt/android-studio/bin/../lib/bootstrap.jar:/opt/android-studio/bin/../lib/extensions.jar:/opt/android-studio/bin/../lib/util.jar:/opt/android-studio/bin/../lib/jdom.jar:/opt/android-studio/bin/../lib/log4j.jar:/opt/android-studio/bin/../lib/trove4j.jar:/opt/android-studio/bin/../lib/jna.jar:/usr/lib/jvm/java-8-jdk/lib/tools.jar
PATH=/usr/local/sbin:/usr/local/bin:/usr/bin:/opt/android-sdk/platform-tools:/opt/android-sdk/tools:/usr/share/java/gradle/bin:/usr/lib/jvm/default/bin:/usr/bin/site_perl:/usr/bin/vendor_perl:/usr/bin/core_perl
LD_LIBRARY_PATH=/opt/android-studio/bin:
SHELL=/bin/bash
DISPLAY=:0

Signal Handlers:
SIGSEGV: [libjvm.so+0xaad1e0], sa_mask[0]=11111111011111111101111111111110, sa_flags=SA_RESTART|SA_SIGINFO
SIGBUS: [libjvm.so+0xaad1e0], sa_mask[0]=11111111011111111101111111111110, sa_flags=SA_RESTART|SA_SIGINFO
SIGFPE: [libjvm.so+0x90b450], sa_mask[0]=11111111011111111101111111111110, sa_flags=SA_RESTART|SA_SIGINFO
SIGPIPE: [libjvm.so+0x90b450], sa_mask[0]=11111111011111111101111111111110, sa_flags=SA_RESTART|SA_SIGINFO
SIGXFSZ: [libjvm.so+0x90b450], sa_mask[0]=11111111011111111101111111111110, sa_flags=SA_RESTART|SA_SIGINFO
SIGILL: [libjvm.so+0x90b450], sa_mask[0]=11111111011111111101111111111110, sa_flags=SA_RESTART|SA_SIGINFO
SIGUSR1: SIG_DFL, sa_mask[0]=00000000000000000000000000000000, sa_flags=none
SIGUSR2: [libjvm.so+0x90ca90], sa_mask[0]=00100000000000000000000000000000, sa_flags=SA_RESTART|SA_SIGINFO
SIGHUP: [libjvm.so+0x90dde0], sa_mask[0]=11111111011111111101111111111110, sa_flags=SA_RESTART|SA_SIGINFO
SIGINT: [libjvm.so+0x90dde0], sa_mask[0]=11111111011111111101111111111110, sa_flags=SA_RESTART|SA_SIGINFO
SIGTERM: [libjvm.so+0x90dde0], sa_mask[0]=11111111011111111101111111111110, sa_flags=SA_RESTART|SA_SIGINFO
SIGQUIT: [libjvm.so+0x90dde0], sa_mask[0]=11111111011111111101111111111110, sa_flags=SA_RESTART|SA_SIGINFO


---------------  S Y S T E M  ---------------

OS:NAME="Arch Linux"
ID=arch
PRETTY_NAME="Arch Linux"
ANSI_COLOR="0;36"
HOME_URL="https://www.archlinux.org/"
SUPPORT_URL="https://bbs.archlinux.org/"
BUG_REPORT_URL="https://bugs.archlinux.org/"


uname:Linux 4.0.1-1-ARCH #1 SMP PREEMPT Wed Apr 29 12:00:26 CEST 2015 x86_64
libc:glibc 2.21 NPTL 2.21 
rlimit: STACK 8192k, CORE 0k, NPROC 11879, NOFILE 4096, AS infinity
load average:18.69 7.85 3.64

/proc/meminfo:
MemTotal:        3107036 kB
MemFree:          108156 kB
MemAvailable:      36216 kB
Buffers:             240 kB
Cached:            14756 kB
SwapCached:            0 kB
Active:          1644940 kB
Inactive:           6472 kB
Active(anon):    1643272 kB
Inactive(anon):     3676 kB
Active(file):       1668 kB
Inactive(file):     2796 kB
Unevictable:       15672 kB
Mlocked:           15676 kB
SwapTotal:             0 kB
SwapFree:              0 kB
Dirty:                28 kB
Writeback:            40 kB
AnonPages:       1652216 kB
Mapped:           823616 kB
Shmem:              4164 kB
Slab:              50916 kB
SReclaimable:      20588 kB
SUnreclaim:        30328 kB
KernelStack:        4000 kB
PageTables:        10560 kB
NFS_Unstable:          0 kB
Bounce:                0 kB
WritebackTmp:          0 kB
CommitLimit:     1553516 kB
Committed_AS:    2811936 kB
VmallocTotal:   34359738367 kB
VmallocUsed:      107544 kB
VmallocChunk:   34359630567 kB
HardwareCorrupted:     0 kB
AnonHugePages:    980992 kB
HugePages_Total:       0
HugePages_Free:        0
HugePages_Rsvd:        0
HugePages_Surp:        0
Hugepagesize:       2048 kB
DirectMap4k:     1307792 kB
DirectMap2M:     1994752 kB
DirectMap1G:           0 kB


CPU:total 2 (2 cores per cpu, 1 threads per core) family 21 model 19 stepping 1, cmov, cx8, fxsr, mmx, sse, sse2, sse3, ssse3, sse4.1, sse4.2, popcnt, avx, aes, clmul, mmxext, 3dnowpref, lzcnt, sse4a, tsc, tscinvbit, tscinv, bmi1

/proc/cpuinfo:
processor	: 0
vendor_id	: AuthenticAMD
cpu family	: 21
model		: 19
model name	: AMD A6-5350M APU with Radeon(tm) HD Graphics
stepping	: 1
microcode	: 0x6001119
cpu MHz		: 1400.000
cache size	: 1024 KB
physical id	: 0
siblings	: 2
core id		: 0
cpu cores	: 1
apicid		: 16
initial apicid	: 0
fpu		: yes
fpu_exception	: yes
cpuid level	: 13
wp		: yes
flags		: fpu vme de pse tsc msr pae mce cx8 apic sep mtrr pge mca cmov pat pse36 clflush mmx fxsr sse sse2 ht syscall nx mmxext fxsr_opt pdpe1gb rdtscp lm constant_tsc rep_good nopl nonstop_tsc extd_apicid aperfmperf pni pclmulqdq monitor ssse3 fma cx16 sse4_1 sse4_2 popcnt aes xsave avx f16c lahf_lm cmp_legacy svm extapic cr8_legacy abm sse4a misalignsse 3dnowprefetch osvw ibs xop skinit wdt lwp fma4 tce nodeid_msr tbm topoext perfctr_core perfctr_nb arat cpb hw_pstate npt lbrv svm_lock nrip_save tsc_scale vmcb_clean flushbyasid decodeassists pausefilter pfthreshold vmmcall bmi1
bugs		: fxsave_leak
bogomips	: 5791.15
TLB size	: 1536 4K pages
clflush size	: 64
cache_alignment	: 64
address sizes	: 48 bits physical, 48 bits virtual
power management: ts ttp tm 100mhzsteps hwpstate cpb eff_freq_ro

processor	: 1
vendor_id	: AuthenticAMD
cpu family	: 21
model		: 19
model name	: AMD A6-5350M APU with Radeon(tm) HD Graphics   
stepping	: 1
microcode	: 0x6001119
cpu MHz		: 1400.000
cache size	: 1024 KB
physical id	: 0
siblings	: 2
core id		: 1
cpu cores	: 1
apicid		: 17
initial apicid	: 1
fpu		: yes
fpu_exception	: yes
cpuid level	: 13
wp		: yes
flags		: fpu vme de pse tsc msr pae mce cx8 apic sep mtrr pge mca cmov pat pse36 clflush mmx fxsr sse sse2 ht syscall nx mmxext fxsr_opt pdpe1gb rdtscp lm constant_tsc rep_good nopl nonstop_tsc extd_apicid aperfmperf pni pclmulqdq monitor ssse3 fma cx16 sse4_1 sse4_2 popcnt aes xsave avx f16c lahf_lm cmp_legacy svm extapic cr8_legacy abm sse4a misalignsse 3dnowprefetch osvw ibs xop skinit wdt lwp fma4 tce nodeid_msr tbm topoext perfctr_core perfctr_nb arat cpb hw_pstate npt lbrv svm_lock nrip_save tsc_scale vmcb_clean flushbyasid decodeassists pausefilter pfthreshold vmmcall bmi1
bugs		: fxsave_leak
bogomips	: 5791.15
TLB size	: 1536 4K pages
clflush size	: 64
cache_alignment	: 64
address sizes	: 48 bits physical, 48 bits virtual
power management: ts ttp tm 100mhzsteps hwpstate cpb eff_freq_ro



Memory: 4k page, physical 3107036k(107784k free), swap 0k(0k free)

vm_info: Java HotSpot(TM) 64-Bit Server VM (25.45-b02) for linux-amd64 JRE (1.8.0_45-b14), built on Apr 10 2015 10:07:45 by "java_re" with gcc 4.3.0 20080428 (Red Hat 4.3.0-8)

time: Mon May  4 11:21:42 2015
elapsed time: 113 seconds (0d 0h 1m 53s)

